INFO - 2023-05-06 05:49:43 --> Session: Class initialized using 'CodeIgniter\Session\Handlers\FileHandler' driver.
INFO - 2023-05-06 05:49:43 --> Session: Class initialized using 'CodeIgniter\Session\Handlers\FileHandler' driver.
INFO - 2023-05-06 05:49:43 --> Session: Class initialized using 'CodeIgniter\Session\Handlers\FileHandler' driver.
INFO - 2023-05-06 05:49:49 --> Session: Class initialized using 'CodeIgniter\Session\Handlers\FileHandler' driver.
CRITICAL - 2023-05-06 05:49:49 --> Undefined variable $users
in APPPATH\Views\index.php on line 57.
 1 APPPATH\Views\index.php(57): CodeIgniter\Debug\Exceptions->errorHandler(2, 'Undefined variable $users', 'C:\\New Xampp\\htdocs\\ci_crud\\app\\Views\\index.php', 57)
 2 SYSTEMPATH\View\View.php(213): include('C:\\New Xampp\\htdocs\\ci_crud\\app\\Views\\index.php')
 3 SYSTEMPATH\View\View.php(216): CodeIgniter\View\View->CodeIgniter\View\{closure}()
 4 SYSTEMPATH\Common.php(1184): CodeIgniter\View\View->render('index', [], true)
 5 APPPATH\Controllers\CatController.php(15): view('index', [...])
 6 SYSTEMPATH\CodeIgniter.php(934): App\Controllers\CatController->index()
 7 SYSTEMPATH\CodeIgniter.php(499): CodeIgniter\CodeIgniter->runController(Object(App\Controllers\CatController))
 8 SYSTEMPATH\CodeIgniter.php(368): CodeIgniter\CodeIgniter->handleRequest(null, Object(Config\Cache), false)
 9 FCPATH\index.php(67): CodeIgniter\CodeIgniter->run()
INFO - 2023-05-06 05:51:33 --> Session: Class initialized using 'CodeIgniter\Session\Handlers\FileHandler' driver.
INFO - 2023-05-06 05:51:39 --> Session: Class initialized using 'CodeIgniter\Session\Handlers\FileHandler' driver.
INFO - 2023-05-06 05:53:13 --> Session: Class initialized using 'CodeIgniter\Session\Handlers\FileHandler' driver.
INFO - 2023-05-06 05:53:13 --> Session: Class initialized using 'CodeIgniter\Session\Handlers\FileHandler' driver.
INFO - 2023-05-06 05:53:20 --> Session: Class initialized using 'CodeIgniter\Session\Handlers\FileHandler' driver.
INFO - 2023-05-06 05:56:09 --> Session: Class initialized using 'CodeIgniter\Session\Handlers\FileHandler' driver.
CRITICAL - 2023-05-06 05:56:09 --> Undefined variable $users
in APPPATH\Views\index.php on line 57.
 1 APPPATH\Views\index.php(57): CodeIgniter\Debug\Exceptions->errorHandler(2, 'Undefined variable $users', 'C:\\New Xampp\\htdocs\\ci_crud\\app\\Views\\index.php', 57)
 2 SYSTEMPATH\View\View.php(213): include('C:\\New Xampp\\htdocs\\ci_crud\\app\\Views\\index.php')
 3 SYSTEMPATH\View\View.php(216): CodeIgniter\View\View->CodeIgniter\View\{closure}()
 4 SYSTEMPATH\Common.php(1184): CodeIgniter\View\View->render('index', [], true)
 5 APPPATH\Controllers\CatController.php(15): view('index', [...])
 6 SYSTEMPATH\CodeIgniter.php(934): App\Controllers\CatController->index()
 7 SYSTEMPATH\CodeIgniter.php(499): CodeIgniter\CodeIgniter->runController(Object(App\Controllers\CatController))
 8 SYSTEMPATH\CodeIgniter.php(368): CodeIgniter\CodeIgniter->handleRequest(null, Object(Config\Cache), false)
 9 FCPATH\index.php(67): CodeIgniter\CodeIgniter->run()
INFO - 2023-05-06 05:56:12 --> Session: Class initialized using 'CodeIgniter\Session\Handlers\FileHandler' driver.
CRITICAL - 2023-05-06 05:56:12 --> Undefined variable $users
in APPPATH\Views\index.php on line 57.
 1 APPPATH\Views\index.php(57): CodeIgniter\Debug\Exceptions->errorHandler(2, 'Undefined variable $users', 'C:\\New Xampp\\htdocs\\ci_crud\\app\\Views\\index.php', 57)
 2 SYSTEMPATH\View\View.php(213): include('C:\\New Xampp\\htdocs\\ci_crud\\app\\Views\\index.php')
 3 SYSTEMPATH\View\View.php(216): CodeIgniter\View\View->CodeIgniter\View\{closure}()
 4 SYSTEMPATH\Common.php(1184): CodeIgniter\View\View->render('index', [], true)
 5 APPPATH\Controllers\CatController.php(15): view('index', [...])
 6 SYSTEMPATH\CodeIgniter.php(934): App\Controllers\CatController->index()
 7 SYSTEMPATH\CodeIgniter.php(499): CodeIgniter\CodeIgniter->runController(Object(App\Controllers\CatController))
 8 SYSTEMPATH\CodeIgniter.php(368): CodeIgniter\CodeIgniter->handleRequest(null, Object(Config\Cache), false)
 9 FCPATH\index.php(67): CodeIgniter\CodeIgniter->run()
INFO - 2023-05-06 05:57:01 --> Session: Class initialized using 'CodeIgniter\Session\Handlers\FileHandler' driver.
CRITICAL - 2023-05-06 05:57:01 --> Undefined variable $users
in APPPATH\Views\index.php on line 57.
 1 APPPATH\Views\index.php(57): CodeIgniter\Debug\Exceptions->errorHandler(2, 'Undefined variable $users', 'C:\\New Xampp\\htdocs\\ci_crud\\app\\Views\\index.php', 57)
 2 SYSTEMPATH\View\View.php(213): include('C:\\New Xampp\\htdocs\\ci_crud\\app\\Views\\index.php')
 3 SYSTEMPATH\View\View.php(216): CodeIgniter\View\View->CodeIgniter\View\{closure}()
 4 SYSTEMPATH\Common.php(1184): CodeIgniter\View\View->render('index', [], true)
 5 APPPATH\Controllers\CatController.php(15): view('index', [...])
 6 SYSTEMPATH\CodeIgniter.php(934): App\Controllers\CatController->index()
 7 SYSTEMPATH\CodeIgniter.php(499): CodeIgniter\CodeIgniter->runController(Object(App\Controllers\CatController))
 8 SYSTEMPATH\CodeIgniter.php(368): CodeIgniter\CodeIgniter->handleRequest(null, Object(Config\Cache), false)
 9 FCPATH\index.php(67): CodeIgniter\CodeIgniter->run()
INFO - 2023-05-06 05:57:02 --> Session: Class initialized using 'CodeIgniter\Session\Handlers\FileHandler' driver.
CRITICAL - 2023-05-06 05:57:02 --> Undefined variable $users
in APPPATH\Views\index.php on line 57.
 1 APPPATH\Views\index.php(57): CodeIgniter\Debug\Exceptions->errorHandler(2, 'Undefined variable $users', 'C:\\New Xampp\\htdocs\\ci_crud\\app\\Views\\index.php', 57)
 2 SYSTEMPATH\View\View.php(213): include('C:\\New Xampp\\htdocs\\ci_crud\\app\\Views\\index.php')
 3 SYSTEMPATH\View\View.php(216): CodeIgniter\View\View->CodeIgniter\View\{closure}()
 4 SYSTEMPATH\Common.php(1184): CodeIgniter\View\View->render('index', [], true)
 5 APPPATH\Controllers\CatController.php(15): view('index', [...])
 6 SYSTEMPATH\CodeIgniter.php(934): App\Controllers\CatController->index()
 7 SYSTEMPATH\CodeIgniter.php(499): CodeIgniter\CodeIgniter->runController(Object(App\Controllers\CatController))
 8 SYSTEMPATH\CodeIgniter.php(368): CodeIgniter\CodeIgniter->handleRequest(null, Object(Config\Cache), false)
 9 FCPATH\index.php(67): CodeIgniter\CodeIgniter->run()
INFO - 2023-05-06 05:57:49 --> Session: Class initialized using 'CodeIgniter\Session\Handlers\FileHandler' driver.
CRITICAL - 2023-05-06 05:57:49 --> Undefined variable $users
in APPPATH\Views\index.php on line 57.
 1 APPPATH\Views\index.php(57): CodeIgniter\Debug\Exceptions->errorHandler(2, 'Undefined variable $users', 'C:\\New Xampp\\htdocs\\ci_crud\\app\\Views\\index.php', 57)
 2 SYSTEMPATH\View\View.php(213): include('C:\\New Xampp\\htdocs\\ci_crud\\app\\Views\\index.php')
 3 SYSTEMPATH\View\View.php(216): CodeIgniter\View\View->CodeIgniter\View\{closure}()
 4 SYSTEMPATH\Common.php(1184): CodeIgniter\View\View->render('index', [], true)
 5 APPPATH\Controllers\CatController.php(15): view('index', [...])
 6 SYSTEMPATH\CodeIgniter.php(934): App\Controllers\CatController->index()
 7 SYSTEMPATH\CodeIgniter.php(499): CodeIgniter\CodeIgniter->runController(Object(App\Controllers\CatController))
 8 SYSTEMPATH\CodeIgniter.php(368): CodeIgniter\CodeIgniter->handleRequest(null, Object(Config\Cache), false)
 9 FCPATH\index.php(67): CodeIgniter\CodeIgniter->run()
INFO - 2023-05-06 06:16:30 --> Session: Class initialized using 'CodeIgniter\Session\Handlers\FileHandler' driver.
CRITICAL - 2023-05-06 06:16:30 --> Undefined variable $users
in APPPATH\Views\index.php on line 57.
 1 APPPATH\Views\index.php(57): CodeIgniter\Debug\Exceptions->errorHandler(2, 'Undefined variable $users', 'C:\\New Xampp\\htdocs\\ci_crud\\app\\Views\\index.php', 57)
 2 SYSTEMPATH\View\View.php(213): include('C:\\New Xampp\\htdocs\\ci_crud\\app\\Views\\index.php')
 3 SYSTEMPATH\View\View.php(216): CodeIgniter\View\View->CodeIgniter\View\{closure}()
 4 SYSTEMPATH\Common.php(1184): CodeIgniter\View\View->render('index', [], true)
 5 APPPATH\Controllers\CatController.php(15): view('index', [...])
 6 SYSTEMPATH\CodeIgniter.php(934): App\Controllers\CatController->index()
 7 SYSTEMPATH\CodeIgniter.php(499): CodeIgniter\CodeIgniter->runController(Object(App\Controllers\CatController))
 8 SYSTEMPATH\CodeIgniter.php(368): CodeIgniter\CodeIgniter->handleRequest(null, Object(Config\Cache), false)
 9 FCPATH\index.php(67): CodeIgniter\CodeIgniter->run()
INFO - 2023-05-06 06:16:32 --> Session: Class initialized using 'CodeIgniter\Session\Handlers\FileHandler' driver.
INFO - 2023-05-06 06:16:36 --> Session: Class initialized using 'CodeIgniter\Session\Handlers\FileHandler' driver.
INFO - 2023-05-06 06:16:39 --> Session: Class initialized using 'CodeIgniter\Session\Handlers\FileHandler' driver.
INFO - 2023-05-06 06:17:28 --> Session: Class initialized using 'CodeIgniter\Session\Handlers\FileHandler' driver.
INFO - 2023-05-06 06:17:31 --> Session: Class initialized using 'CodeIgniter\Session\Handlers\FileHandler' driver.
CRITICAL - 2023-05-06 06:17:31 --> Undefined variable $users
in APPPATH\Views\index.php on line 57.
 1 APPPATH\Views\index.php(57): CodeIgniter\Debug\Exceptions->errorHandler(2, 'Undefined variable $users', 'C:\\New Xampp\\htdocs\\ci_crud\\app\\Views\\index.php', 57)
 2 SYSTEMPATH\View\View.php(213): include('C:\\New Xampp\\htdocs\\ci_crud\\app\\Views\\index.php')
 3 SYSTEMPATH\View\View.php(216): CodeIgniter\View\View->CodeIgniter\View\{closure}()
 4 SYSTEMPATH\Common.php(1184): CodeIgniter\View\View->render('index', [], true)
 5 APPPATH\Controllers\CatController.php(15): view('index', [...])
 6 SYSTEMPATH\CodeIgniter.php(934): App\Controllers\CatController->index()
 7 SYSTEMPATH\CodeIgniter.php(499): CodeIgniter\CodeIgniter->runController(Object(App\Controllers\CatController))
 8 SYSTEMPATH\CodeIgniter.php(368): CodeIgniter\CodeIgniter->handleRequest(null, Object(Config\Cache), false)
 9 FCPATH\index.php(67): CodeIgniter\CodeIgniter->run()
INFO - 2023-05-06 06:17:34 --> Session: Class initialized using 'CodeIgniter\Session\Handlers\FileHandler' driver.
INFO - 2023-05-06 06:17:42 --> Session: Class initialized using 'CodeIgniter\Session\Handlers\FileHandler' driver.
INFO - 2023-05-06 06:19:14 --> Session: Class initialized using 'CodeIgniter\Session\Handlers\FileHandler' driver.
INFO - 2023-05-06 06:24:33 --> Session: Class initialized using 'CodeIgniter\Session\Handlers\FileHandler' driver.
INFO - 2023-05-06 06:26:42 --> Session: Class initialized using 'CodeIgniter\Session\Handlers\FileHandler' driver.
INFO - 2023-05-06 06:35:44 --> Session: Class initialized using 'CodeIgniter\Session\Handlers\FileHandler' driver.
CRITICAL - 2023-05-06 06:35:44 --> Undefined variable $users
in APPPATH\Views\index.php on line 57.
 1 APPPATH\Views\index.php(57): CodeIgniter\Debug\Exceptions->errorHandler(2, 'Undefined variable $users', 'C:\\New Xampp\\htdocs\\ci_crud\\app\\Views\\index.php', 57)
 2 SYSTEMPATH\View\View.php(213): include('C:\\New Xampp\\htdocs\\ci_crud\\app\\Views\\index.php')
 3 SYSTEMPATH\View\View.php(216): CodeIgniter\View\View->CodeIgniter\View\{closure}()
 4 SYSTEMPATH\Common.php(1184): CodeIgniter\View\View->render('index', [], true)
 5 APPPATH\Controllers\BrandController.php(11): view('index')
 6 SYSTEMPATH\CodeIgniter.php(934): App\Controllers\BrandController->index()
 7 SYSTEMPATH\CodeIgniter.php(499): CodeIgniter\CodeIgniter->runController(Object(App\Controllers\BrandController))
 8 SYSTEMPATH\CodeIgniter.php(368): CodeIgniter\CodeIgniter->handleRequest(null, Object(Config\Cache), false)
 9 FCPATH\index.php(67): CodeIgniter\CodeIgniter->run()
INFO - 2023-05-06 06:37:11 --> Session: Class initialized using 'CodeIgniter\Session\Handlers\FileHandler' driver.
CRITICAL - 2023-05-06 06:37:11 --> Undefined variable $users
in APPPATH\Views\index.php on line 57.
 1 APPPATH\Views\index.php(57): CodeIgniter\Debug\Exceptions->errorHandler(2, 'Undefined variable $users', 'C:\\New Xampp\\htdocs\\ci_crud\\app\\Views\\index.php', 57)
 2 SYSTEMPATH\View\View.php(213): include('C:\\New Xampp\\htdocs\\ci_crud\\app\\Views\\index.php')
 3 SYSTEMPATH\View\View.php(216): CodeIgniter\View\View->CodeIgniter\View\{closure}()
 4 SYSTEMPATH\Common.php(1184): CodeIgniter\View\View->render('index', [], true)
 5 APPPATH\Controllers\CatController.php(15): view('index', [...])
 6 SYSTEMPATH\CodeIgniter.php(934): App\Controllers\CatController->index()
 7 SYSTEMPATH\CodeIgniter.php(499): CodeIgniter\CodeIgniter->runController(Object(App\Controllers\CatController))
 8 SYSTEMPATH\CodeIgniter.php(368): CodeIgniter\CodeIgniter->handleRequest(null, Object(Config\Cache), false)
 9 FCPATH\index.php(67): CodeIgniter\CodeIgniter->run()
INFO - 2023-05-06 06:37:27 --> Session: Class initialized using 'CodeIgniter\Session\Handlers\FileHandler' driver.
CRITICAL - 2023-05-06 06:37:27 --> Undefined variable $users
in APPPATH\Views\index.php on line 57.
 1 APPPATH\Views\index.php(57): CodeIgniter\Debug\Exceptions->errorHandler(2, 'Undefined variable $users', 'C:\\New Xampp\\htdocs\\ci_crud\\app\\Views\\index.php', 57)
 2 SYSTEMPATH\View\View.php(213): include('C:\\New Xampp\\htdocs\\ci_crud\\app\\Views\\index.php')
 3 SYSTEMPATH\View\View.php(216): CodeIgniter\View\View->CodeIgniter\View\{closure}()
 4 SYSTEMPATH\Common.php(1184): CodeIgniter\View\View->render('index', [], true)
 5 APPPATH\Controllers\CatController.php(15): view('index', [...])
 6 SYSTEMPATH\CodeIgniter.php(934): App\Controllers\CatController->index()
 7 SYSTEMPATH\CodeIgniter.php(499): CodeIgniter\CodeIgniter->runController(Object(App\Controllers\CatController))
 8 SYSTEMPATH\CodeIgniter.php(368): CodeIgniter\CodeIgniter->handleRequest(null, Object(Config\Cache), false)
 9 FCPATH\index.php(67): CodeIgniter\CodeIgniter->run()
INFO - 2023-05-06 06:38:55 --> Session: Class initialized using 'CodeIgniter\Session\Handlers\FileHandler' driver.
CRITICAL - 2023-05-06 06:47:44 --> Invalid file: "create_band.php"
in SYSTEMPATH\Exceptions\FrameworkException.php on line 33.
 1 SYSTEMPATH\View\View.php(201): CodeIgniter\Exceptions\FrameworkException::forInvalidFile('create_band.php')
 2 SYSTEMPATH\Common.php(1184): CodeIgniter\View\View->render('create_band', [], true)
 3 APPPATH\Controllers\BrandController.php(16): view('create_band')
 4 SYSTEMPATH\CodeIgniter.php(934): App\Controllers\BrandController->create()
 5 SYSTEMPATH\CodeIgniter.php(499): CodeIgniter\CodeIgniter->runController(Object(App\Controllers\BrandController))
 6 SYSTEMPATH\CodeIgniter.php(368): CodeIgniter\CodeIgniter->handleRequest(null, Object(Config\Cache), false)
 7 FCPATH\index.php(67): CodeIgniter\CodeIgniter->run()
CRITICAL - 2023-05-06 06:51:24 --> Invalid file: "create_band.php"
in SYSTEMPATH\Exceptions\FrameworkException.php on line 33.
 1 SYSTEMPATH\View\View.php(201): CodeIgniter\Exceptions\FrameworkException::forInvalidFile('create_band.php')
 2 SYSTEMPATH\Common.php(1184): CodeIgniter\View\View->render('create_band', [], true)
 3 APPPATH\Controllers\BrandController.php(16): view('create_band')
 4 SYSTEMPATH\CodeIgniter.php(934): App\Controllers\BrandController->create()
 5 SYSTEMPATH\CodeIgniter.php(499): CodeIgniter\CodeIgniter->runController(Object(App\Controllers\BrandController))
 6 SYSTEMPATH\CodeIgniter.php(368): CodeIgniter\CodeIgniter->handleRequest(null, Object(Config\Cache), false)
 7 FCPATH\index.php(67): CodeIgniter\CodeIgniter->run()
CRITICAL - 2023-05-06 06:51:36 --> Invalid file: "create_band.php"
in SYSTEMPATH\Exceptions\FrameworkException.php on line 33.
 1 SYSTEMPATH\View\View.php(201): CodeIgniter\Exceptions\FrameworkException::forInvalidFile('create_band.php')
 2 SYSTEMPATH\Common.php(1184): CodeIgniter\View\View->render('create_band', [], true)
 3 APPPATH\Controllers\BrandController.php(16): view('create_band')
 4 SYSTEMPATH\CodeIgniter.php(934): App\Controllers\BrandController->create()
 5 SYSTEMPATH\CodeIgniter.php(499): CodeIgniter\CodeIgniter->runController(Object(App\Controllers\BrandController))
 6 SYSTEMPATH\CodeIgniter.php(368): CodeIgniter\CodeIgniter->handleRequest(null, Object(Config\Cache), false)
 7 FCPATH\index.php(67): CodeIgniter\CodeIgniter->run()
INFO - 2023-05-06 06:58:23 --> Session: Class initialized using 'CodeIgniter\Session\Handlers\FileHandler' driver.
CRITICAL - 2023-05-06 06:58:23 --> Undefined variable $users
in APPPATH\Views\index.php on line 57.
 1 APPPATH\Views\index.php(57): CodeIgniter\Debug\Exceptions->errorHandler(2, 'Undefined variable $users', 'C:\\New Xampp\\htdocs\\ci_crud\\app\\Views\\index.php', 57)
 2 SYSTEMPATH\View\View.php(213): include('C:\\New Xampp\\htdocs\\ci_crud\\app\\Views\\index.php')
 3 SYSTEMPATH\View\View.php(216): CodeIgniter\View\View->CodeIgniter\View\{closure}()
 4 SYSTEMPATH\Common.php(1184): CodeIgniter\View\View->render('index', [], true)
 5 APPPATH\Controllers\CatController.php(15): view('index', [...])
 6 SYSTEMPATH\CodeIgniter.php(934): App\Controllers\CatController->index()
 7 SYSTEMPATH\CodeIgniter.php(499): CodeIgniter\CodeIgniter->runController(Object(App\Controllers\CatController))
 8 SYSTEMPATH\CodeIgniter.php(368): CodeIgniter\CodeIgniter->handleRequest(null, Object(Config\Cache), false)
 9 FCPATH\index.php(67): CodeIgniter\CodeIgniter->run()
INFO - 2023-05-06 07:00:33 --> Session: Class initialized using 'CodeIgniter\Session\Handlers\FileHandler' driver.
CRITICAL - 2023-05-06 07:00:33 --> Undefined variable $users
in APPPATH\Views\index.php on line 57.
 1 APPPATH\Views\index.php(57): CodeIgniter\Debug\Exceptions->errorHandler(2, 'Undefined variable $users', 'C:\\New Xampp\\htdocs\\ci_crud\\app\\Views\\index.php', 57)
 2 SYSTEMPATH\View\View.php(213): include('C:\\New Xampp\\htdocs\\ci_crud\\app\\Views\\index.php')
 3 SYSTEMPATH\View\View.php(216): CodeIgniter\View\View->CodeIgniter\View\{closure}()
 4 SYSTEMPATH\Common.php(1184): CodeIgniter\View\View->render('index', [], true)
 5 APPPATH\Controllers\CatController.php(15): view('index', [...])
 6 SYSTEMPATH\CodeIgniter.php(934): App\Controllers\CatController->index()
 7 SYSTEMPATH\CodeIgniter.php(499): CodeIgniter\CodeIgniter->runController(Object(App\Controllers\CatController))
 8 SYSTEMPATH\CodeIgniter.php(368): CodeIgniter\CodeIgniter->handleRequest(null, Object(Config\Cache), false)
 9 FCPATH\index.php(67): CodeIgniter\CodeIgniter->run()
INFO - 2023-05-06 07:16:38 --> Session: Class initialized using 'CodeIgniter\Session\Handlers\FileHandler' driver.
CRITICAL - 2023-05-06 07:16:38 --> Undefined variable $users
in APPPATH\Views\index.php on line 57.
 1 APPPATH\Views\index.php(57): CodeIgniter\Debug\Exceptions->errorHandler(2, 'Undefined variable $users', 'C:\\New Xampp\\htdocs\\ci_crud\\app\\Views\\index.php', 57)
 2 SYSTEMPATH\View\View.php(213): include('C:\\New Xampp\\htdocs\\ci_crud\\app\\Views\\index.php')
 3 SYSTEMPATH\View\View.php(216): CodeIgniter\View\View->CodeIgniter\View\{closure}()
 4 SYSTEMPATH\Common.php(1184): CodeIgniter\View\View->render('index', [], true)
 5 APPPATH\Controllers\CatController.php(15): view('index', [...])
 6 SYSTEMPATH\CodeIgniter.php(934): App\Controllers\CatController->index()
 7 SYSTEMPATH\CodeIgniter.php(499): CodeIgniter\CodeIgniter->runController(Object(App\Controllers\CatController))
 8 SYSTEMPATH\CodeIgniter.php(368): CodeIgniter\CodeIgniter->handleRequest(null, Object(Config\Cache), false)
 9 FCPATH\index.php(67): CodeIgniter\CodeIgniter->run()
INFO - 2023-05-06 07:17:34 --> Session: Class initialized using 'CodeIgniter\Session\Handlers\FileHandler' driver.
CRITICAL - 2023-05-06 07:17:34 --> Undefined variable $users
in APPPATH\Views\index.php on line 57.
 1 APPPATH\Views\index.php(57): CodeIgniter\Debug\Exceptions->errorHandler(2, 'Undefined variable $users', 'C:\\New Xampp\\htdocs\\ci_crud\\app\\Views\\index.php', 57)
 2 SYSTEMPATH\View\View.php(213): include('C:\\New Xampp\\htdocs\\ci_crud\\app\\Views\\index.php')
 3 SYSTEMPATH\View\View.php(216): CodeIgniter\View\View->CodeIgniter\View\{closure}()
 4 SYSTEMPATH\Common.php(1184): CodeIgniter\View\View->render('index', [], true)
 5 APPPATH\Controllers\CatController.php(15): view('index', [...])
 6 SYSTEMPATH\CodeIgniter.php(934): App\Controllers\CatController->index()
 7 SYSTEMPATH\CodeIgniter.php(499): CodeIgniter\CodeIgniter->runController(Object(App\Controllers\CatController))
 8 SYSTEMPATH\CodeIgniter.php(368): CodeIgniter\CodeIgniter->handleRequest(null, Object(Config\Cache), false)
 9 FCPATH\index.php(67): CodeIgniter\CodeIgniter->run()
INFO - 2023-05-06 07:17:37 --> Session: Class initialized using 'CodeIgniter\Session\Handlers\FileHandler' driver.
CRITICAL - 2023-05-06 07:17:37 --> Undefined variable $users
in APPPATH\Views\index.php on line 57.
 1 APPPATH\Views\index.php(57): CodeIgniter\Debug\Exceptions->errorHandler(2, 'Undefined variable $users', 'C:\\New Xampp\\htdocs\\ci_crud\\app\\Views\\index.php', 57)
 2 SYSTEMPATH\View\View.php(213): include('C:\\New Xampp\\htdocs\\ci_crud\\app\\Views\\index.php')
 3 SYSTEMPATH\View\View.php(216): CodeIgniter\View\View->CodeIgniter\View\{closure}()
 4 SYSTEMPATH\Common.php(1184): CodeIgniter\View\View->render('index', [], true)
 5 APPPATH\Controllers\CatController.php(15): view('index', [...])
 6 SYSTEMPATH\CodeIgniter.php(934): App\Controllers\CatController->index()
 7 SYSTEMPATH\CodeIgniter.php(499): CodeIgniter\CodeIgniter->runController(Object(App\Controllers\CatController))
 8 SYSTEMPATH\CodeIgniter.php(368): CodeIgniter\CodeIgniter->handleRequest(null, Object(Config\Cache), false)
 9 FCPATH\index.php(67): CodeIgniter\CodeIgniter->run()
CRITICAL - 2023-05-06 07:18:30 --> Call to undefined function set_value()
in APPPATH\Views\create_cat.php on line 41.
 1 SYSTEMPATH\View\View.php(213): include()
 2 SYSTEMPATH\View\View.php(216): CodeIgniter\View\View->CodeIgniter\View\{closure}()
 3 SYSTEMPATH\Common.php(1184): CodeIgniter\View\View->render('create_cat', [], true)
 4 APPPATH\Controllers\CatController.php(15): view('create_cat', [...])
 5 SYSTEMPATH\CodeIgniter.php(934): App\Controllers\CatController->index()
 6 SYSTEMPATH\CodeIgniter.php(499): CodeIgniter\CodeIgniter->runController(Object(App\Controllers\CatController))
 7 SYSTEMPATH\CodeIgniter.php(368): CodeIgniter\CodeIgniter->handleRequest(null, Object(Config\Cache), false)
 8 FCPATH\index.php(67): CodeIgniter\CodeIgniter->run()
CRITICAL - 2023-05-06 07:28:09 --> Call to undefined function set_value()
in APPPATH\Views\create_cat.php on line 41.
 1 SYSTEMPATH\View\View.php(213): include()
 2 SYSTEMPATH\View\View.php(216): CodeIgniter\View\View->CodeIgniter\View\{closure}()
 3 SYSTEMPATH\Common.php(1184): CodeIgniter\View\View->render('create_cat', [], true)
 4 APPPATH\Controllers\CatController.php(15): view('create_cat', [...])
 5 SYSTEMPATH\CodeIgniter.php(934): App\Controllers\CatController->index()
 6 SYSTEMPATH\CodeIgniter.php(499): CodeIgniter\CodeIgniter->runController(Object(App\Controllers\CatController))
 7 SYSTEMPATH\CodeIgniter.php(368): CodeIgniter\CodeIgniter->handleRequest(null, Object(Config\Cache), false)
 8 FCPATH\index.php(67): CodeIgniter\CodeIgniter->run()
INFO - 2023-05-06 07:34:56 --> Session: Class initialized using 'CodeIgniter\Session\Handlers\FileHandler' driver.
INFO - 2023-05-06 07:41:37 --> Session: Class initialized using 'CodeIgniter\Session\Handlers\FileHandler' driver.
INFO - 2023-05-06 07:42:56 --> Session: Class initialized using 'CodeIgniter\Session\Handlers\FileHandler' driver.
INFO - 2023-05-06 07:43:01 --> Session: Class initialized using 'CodeIgniter\Session\Handlers\FileHandler' driver.
INFO - 2023-05-06 07:43:05 --> Session: Class initialized using 'CodeIgniter\Session\Handlers\FileHandler' driver.
INFO - 2023-05-06 07:43:10 --> Session: Class initialized using 'CodeIgniter\Session\Handlers\FileHandler' driver.
INFO - 2023-05-06 07:43:32 --> Session: Class initialized using 'CodeIgniter\Session\Handlers\FileHandler' driver.
INFO - 2023-05-06 07:44:10 --> Session: Class initialized using 'CodeIgniter\Session\Handlers\FileHandler' driver.
INFO - 2023-05-06 07:45:02 --> Session: Class initialized using 'CodeIgniter\Session\Handlers\FileHandler' driver.
INFO - 2023-05-06 07:45:11 --> Session: Class initialized using 'CodeIgniter\Session\Handlers\FileHandler' driver.
INFO - 2023-05-06 07:45:56 --> Session: Class initialized using 'CodeIgniter\Session\Handlers\FileHandler' driver.
INFO - 2023-05-06 07:45:58 --> Session: Class initialized using 'CodeIgniter\Session\Handlers\FileHandler' driver.
INFO - 2023-05-06 07:48:00 --> Session: Class initialized using 'CodeIgniter\Session\Handlers\FileHandler' driver.
INFO - 2023-05-06 07:56:19 --> Session: Class initialized using 'CodeIgniter\Session\Handlers\FileHandler' driver.
CRITICAL - 2023-05-06 07:56:19 --> Undefined variable $users
in APPPATH\Views\index.php on line 57.
 1 APPPATH\Views\index.php(57): CodeIgniter\Debug\Exceptions->errorHandler(2, 'Undefined variable $users', 'C:\\New Xampp\\htdocs\\ci_crud\\app\\Views\\index.php', 57)
 2 SYSTEMPATH\View\View.php(213): include('C:\\New Xampp\\htdocs\\ci_crud\\app\\Views\\index.php')
 3 SYSTEMPATH\View\View.php(216): CodeIgniter\View\View->CodeIgniter\View\{closure}()
 4 SYSTEMPATH\Common.php(1184): CodeIgniter\View\View->render('index', [], true)
 5 APPPATH\Controllers\CatController.php(15): view('index', [...])
 6 SYSTEMPATH\CodeIgniter.php(934): App\Controllers\CatController->index()
 7 SYSTEMPATH\CodeIgniter.php(499): CodeIgniter\CodeIgniter->runController(Object(App\Controllers\CatController))
 8 SYSTEMPATH\CodeIgniter.php(368): CodeIgniter\CodeIgniter->handleRequest(null, Object(Config\Cache), false)
 9 FCPATH\index.php(67): CodeIgniter\CodeIgniter->run()
INFO - 2023-05-06 08:05:58 --> Session: Class initialized using 'CodeIgniter\Session\Handlers\FileHandler' driver.
CRITICAL - 2023-05-06 08:05:58 --> Undefined variable $users
in APPPATH\Views\index.php on line 57.
 1 APPPATH\Views\index.php(57): CodeIgniter\Debug\Exceptions->errorHandler(2, 'Undefined variable $users', 'C:\\New Xampp\\htdocs\\ci_crud\\app\\Views\\index.php', 57)
 2 SYSTEMPATH\View\View.php(213): include('C:\\New Xampp\\htdocs\\ci_crud\\app\\Views\\index.php')
 3 SYSTEMPATH\View\View.php(216): CodeIgniter\View\View->CodeIgniter\View\{closure}()
 4 SYSTEMPATH\Common.php(1184): CodeIgniter\View\View->render('index', [], true)
 5 APPPATH\Controllers\CatController.php(15): view('index', [...])
 6 SYSTEMPATH\CodeIgniter.php(934): App\Controllers\CatController->index()
 7 SYSTEMPATH\CodeIgniter.php(499): CodeIgniter\CodeIgniter->runController(Object(App\Controllers\CatController))
 8 SYSTEMPATH\CodeIgniter.php(368): CodeIgniter\CodeIgniter->handleRequest(null, Object(Config\Cache), false)
 9 FCPATH\index.php(67): CodeIgniter\CodeIgniter->run()
INFO - 2023-05-06 08:13:01 --> Session: Class initialized using 'CodeIgniter\Session\Handlers\FileHandler' driver.
INFO - 2023-05-06 08:13:31 --> Session: Class initialized using 'CodeIgniter\Session\Handlers\FileHandler' driver.
CRITICAL - 2023-05-06 08:13:31 --> Undefined variable $users
in APPPATH\Views\index.php on line 57.
 1 APPPATH\Views\index.php(57): CodeIgniter\Debug\Exceptions->errorHandler(2, 'Undefined variable $users', 'C:\\New Xampp\\htdocs\\ci_crud\\app\\Views\\index.php', 57)
 2 SYSTEMPATH\View\View.php(213): include('C:\\New Xampp\\htdocs\\ci_crud\\app\\Views\\index.php')
 3 SYSTEMPATH\View\View.php(216): CodeIgniter\View\View->CodeIgniter\View\{closure}()
 4 SYSTEMPATH\Common.php(1184): CodeIgniter\View\View->render('index', [], true)
 5 APPPATH\Controllers\CatController.php(15): view('index', [...])
 6 SYSTEMPATH\CodeIgniter.php(934): App\Controllers\CatController->index()
 7 SYSTEMPATH\CodeIgniter.php(499): CodeIgniter\CodeIgniter->runController(Object(App\Controllers\CatController))
 8 SYSTEMPATH\CodeIgniter.php(368): CodeIgniter\CodeIgniter->handleRequest(null, Object(Config\Cache), false)
 9 FCPATH\index.php(67): CodeIgniter\CodeIgniter->run()
INFO - 2023-05-06 08:14:09 --> Session: Class initialized using 'CodeIgniter\Session\Handlers\FileHandler' driver.
CRITICAL - 2023-05-06 08:14:09 --> Undefined variable $users
in APPPATH\Views\index.php on line 57.
 1 APPPATH\Views\index.php(57): CodeIgniter\Debug\Exceptions->errorHandler(2, 'Undefined variable $users', 'C:\\New Xampp\\htdocs\\ci_crud\\app\\Views\\index.php', 57)
 2 SYSTEMPATH\View\View.php(213): include('C:\\New Xampp\\htdocs\\ci_crud\\app\\Views\\index.php')
 3 SYSTEMPATH\View\View.php(216): CodeIgniter\View\View->CodeIgniter\View\{closure}()
 4 SYSTEMPATH\Common.php(1184): CodeIgniter\View\View->render('index', [], true)
 5 APPPATH\Controllers\CatController.php(15): view('index', [...])
 6 SYSTEMPATH\CodeIgniter.php(934): App\Controllers\CatController->index()
 7 SYSTEMPATH\CodeIgniter.php(499): CodeIgniter\CodeIgniter->runController(Object(App\Controllers\CatController))
 8 SYSTEMPATH\CodeIgniter.php(368): CodeIgniter\CodeIgniter->handleRequest(null, Object(Config\Cache), false)
 9 FCPATH\index.php(67): CodeIgniter\CodeIgniter->run()
INFO - 2023-05-06 08:20:10 --> Session: Class initialized using 'CodeIgniter\Session\Handlers\FileHandler' driver.
ERROR - 2023-05-06 09:05:56 --> mysqli_sql_exception: Column 'b_name' cannot be null in C:\New Xampp\htdocs\ci_crud\system\Database\MySQLi\Connection.php:295
Stack trace:
#0 C:\New Xampp\htdocs\ci_crud\system\Database\MySQLi\Connection.php(295): mysqli->query('INSERT INTO `br...', 0)
#1 C:\New Xampp\htdocs\ci_crud\system\Database\BaseConnection.php(692): CodeIgniter\Database\MySQLi\Connection->execute('INSERT INTO `br...')
#2 C:\New Xampp\htdocs\ci_crud\system\Database\BaseConnection.php(606): CodeIgniter\Database\BaseConnection->simpleQuery('INSERT INTO `br...')
#3 C:\New Xampp\htdocs\ci_crud\system\Database\BaseBuilder.php(2309): CodeIgniter\Database\BaseConnection->query('INSERT INTO `br...', Array, false)
#4 C:\New Xampp\htdocs\ci_crud\system\Model.php(330): CodeIgniter\Database\BaseBuilder->insert()
#5 C:\New Xampp\htdocs\ci_crud\system\BaseModel.php(782): CodeIgniter\Model->doInsert(Array)
#6 C:\New Xampp\htdocs\ci_crud\system\Model.php(730): CodeIgniter\BaseModel->insert(Array, false)
#7 C:\New Xampp\htdocs\ci_crud\system\BaseModel.php(692): CodeIgniter\Model->insert(Array, false)
#8 C:\New Xampp\htdocs\ci_crud\app\Controllers\BrandController.php(20): CodeIgniter\BaseModel->save(Array)
#9 C:\New Xampp\htdocs\ci_crud\system\CodeIgniter.php(934): App\Controllers\BrandController->create()
#10 C:\New Xampp\htdocs\ci_crud\system\CodeIgniter.php(499): CodeIgniter\CodeIgniter->runController(Object(App\Controllers\BrandController))
#11 C:\New Xampp\htdocs\ci_crud\system\CodeIgniter.php(368): CodeIgniter\CodeIgniter->handleRequest(NULL, Object(Config\Cache), false)
#12 C:\New Xampp\htdocs\ci_crud\public\index.php(67): CodeIgniter\CodeIgniter->run()
#13 {main}
CRITICAL - 2023-05-06 09:05:57 --> Column 'b_name' cannot be null
in SYSTEMPATH\Database\MySQLi\Connection.php on line 295.
 1 SYSTEMPATH\Database\MySQLi\Connection.php(295): mysqli->query('INSERT INTO `brand` (`b_name`, `created_at`, `updated_at`) VALUES (NULL, \'2023-05-06 09:05:56\', \'2023-05-06 09:05:56\')', 0)
 2 SYSTEMPATH\Database\BaseConnection.php(692): CodeIgniter\Database\MySQLi\Connection->execute('INSERT INTO `brand` (`b_name`, `created_at`, `updated_at`) VALUES (NULL, \'2023-05-06 09:05:56\', \'2023-05-06 09:05:56\')')
 3 SYSTEMPATH\Database\BaseConnection.php(606): CodeIgniter\Database\BaseConnection->simpleQuery('INSERT INTO `brand` (`b_name`, `created_at`, `updated_at`) VALUES (NULL, \'2023-05-06 09:05:56\', \'2023-05-06 09:05:56\')')
 4 SYSTEMPATH\Database\BaseBuilder.php(2309): CodeIgniter\Database\BaseConnection->query('INSERT INTO `brand` (`b_name`, `created_at`, `updated_at`) VALUES (:b_name:, :created_at:, :updated_at:)', [...], false)
 5 SYSTEMPATH\Model.php(330): CodeIgniter\Database\BaseBuilder->insert()
 6 SYSTEMPATH\BaseModel.php(782): CodeIgniter\Model->doInsert([...])
 7 SYSTEMPATH\Model.php(730): CodeIgniter\BaseModel->insert([...], false)
 8 SYSTEMPATH\BaseModel.php(692): CodeIgniter\Model->insert([...], false)
 9 APPPATH\Controllers\BrandController.php(20): CodeIgniter\BaseModel->save([...])
10 SYSTEMPATH\CodeIgniter.php(934): App\Controllers\BrandController->create()
11 SYSTEMPATH\CodeIgniter.php(499): CodeIgniter\CodeIgniter->runController(Object(App\Controllers\BrandController))
12 SYSTEMPATH\CodeIgniter.php(368): CodeIgniter\CodeIgniter->handleRequest(null, Object(Config\Cache), false)
13 FCPATH\index.php(67): CodeIgniter\CodeIgniter->run()
ERROR - 2023-05-06 09:07:10 --> mysqli_sql_exception: Column 'b_name' cannot be null in C:\New Xampp\htdocs\ci_crud\system\Database\MySQLi\Connection.php:295
Stack trace:
#0 C:\New Xampp\htdocs\ci_crud\system\Database\MySQLi\Connection.php(295): mysqli->query('INSERT INTO `br...', 0)
#1 C:\New Xampp\htdocs\ci_crud\system\Database\BaseConnection.php(692): CodeIgniter\Database\MySQLi\Connection->execute('INSERT INTO `br...')
#2 C:\New Xampp\htdocs\ci_crud\system\Database\BaseConnection.php(606): CodeIgniter\Database\BaseConnection->simpleQuery('INSERT INTO `br...')
#3 C:\New Xampp\htdocs\ci_crud\system\Database\BaseBuilder.php(2309): CodeIgniter\Database\BaseConnection->query('INSERT INTO `br...', Array, false)
#4 C:\New Xampp\htdocs\ci_crud\system\Model.php(330): CodeIgniter\Database\BaseBuilder->insert()
#5 C:\New Xampp\htdocs\ci_crud\system\BaseModel.php(782): CodeIgniter\Model->doInsert(Array)
#6 C:\New Xampp\htdocs\ci_crud\system\Model.php(730): CodeIgniter\BaseModel->insert(Array, false)
#7 C:\New Xampp\htdocs\ci_crud\system\BaseModel.php(692): CodeIgniter\Model->insert(Array, false)
#8 C:\New Xampp\htdocs\ci_crud\app\Controllers\BrandController.php(20): CodeIgniter\BaseModel->save(Array)
#9 C:\New Xampp\htdocs\ci_crud\system\CodeIgniter.php(934): App\Controllers\BrandController->create()
#10 C:\New Xampp\htdocs\ci_crud\system\CodeIgniter.php(499): CodeIgniter\CodeIgniter->runController(Object(App\Controllers\BrandController))
#11 C:\New Xampp\htdocs\ci_crud\system\CodeIgniter.php(368): CodeIgniter\CodeIgniter->handleRequest(NULL, Object(Config\Cache), false)
#12 C:\New Xampp\htdocs\ci_crud\public\index.php(67): CodeIgniter\CodeIgniter->run()
#13 {main}
CRITICAL - 2023-05-06 09:07:10 --> Column 'b_name' cannot be null
in SYSTEMPATH\Database\MySQLi\Connection.php on line 295.
 1 SYSTEMPATH\Database\MySQLi\Connection.php(295): mysqli->query('INSERT INTO `brand` (`b_name`, `created_at`, `updated_at`) VALUES (NULL, \'2023-05-06 09:07:10\', \'2023-05-06 09:07:10\')', 0)
 2 SYSTEMPATH\Database\BaseConnection.php(692): CodeIgniter\Database\MySQLi\Connection->execute('INSERT INTO `brand` (`b_name`, `created_at`, `updated_at`) VALUES (NULL, \'2023-05-06 09:07:10\', \'2023-05-06 09:07:10\')')
 3 SYSTEMPATH\Database\BaseConnection.php(606): CodeIgniter\Database\BaseConnection->simpleQuery('INSERT INTO `brand` (`b_name`, `created_at`, `updated_at`) VALUES (NULL, \'2023-05-06 09:07:10\', \'2023-05-06 09:07:10\')')
 4 SYSTEMPATH\Database\BaseBuilder.php(2309): CodeIgniter\Database\BaseConnection->query('INSERT INTO `brand` (`b_name`, `created_at`, `updated_at`) VALUES (:b_name:, :created_at:, :updated_at:)', [...], false)
 5 SYSTEMPATH\Model.php(330): CodeIgniter\Database\BaseBuilder->insert()
 6 SYSTEMPATH\BaseModel.php(782): CodeIgniter\Model->doInsert([...])
 7 SYSTEMPATH\Model.php(730): CodeIgniter\BaseModel->insert([...], false)
 8 SYSTEMPATH\BaseModel.php(692): CodeIgniter\Model->insert([...], false)
 9 APPPATH\Controllers\BrandController.php(20): CodeIgniter\BaseModel->save([...])
10 SYSTEMPATH\CodeIgniter.php(934): App\Controllers\BrandController->create()
11 SYSTEMPATH\CodeIgniter.php(499): CodeIgniter\CodeIgniter->runController(Object(App\Controllers\BrandController))
12 SYSTEMPATH\CodeIgniter.php(368): CodeIgniter\CodeIgniter->handleRequest(null, Object(Config\Cache), false)
13 FCPATH\index.php(67): CodeIgniter\CodeIgniter->run()
ERROR - 2023-05-06 09:08:33 --> mysqli_sql_exception: Column 'b_name' cannot be null in C:\New Xampp\htdocs\ci_crud\system\Database\MySQLi\Connection.php:295
Stack trace:
#0 C:\New Xampp\htdocs\ci_crud\system\Database\MySQLi\Connection.php(295): mysqli->query('INSERT INTO `br...', 0)
#1 C:\New Xampp\htdocs\ci_crud\system\Database\BaseConnection.php(692): CodeIgniter\Database\MySQLi\Connection->execute('INSERT INTO `br...')
#2 C:\New Xampp\htdocs\ci_crud\system\Database\BaseConnection.php(606): CodeIgniter\Database\BaseConnection->simpleQuery('INSERT INTO `br...')
#3 C:\New Xampp\htdocs\ci_crud\system\Database\BaseBuilder.php(2309): CodeIgniter\Database\BaseConnection->query('INSERT INTO `br...', Array, false)
#4 C:\New Xampp\htdocs\ci_crud\system\Model.php(330): CodeIgniter\Database\BaseBuilder->insert()
#5 C:\New Xampp\htdocs\ci_crud\system\BaseModel.php(782): CodeIgniter\Model->doInsert(Array)
#6 C:\New Xampp\htdocs\ci_crud\system\Model.php(730): CodeIgniter\BaseModel->insert(Array, false)
#7 C:\New Xampp\htdocs\ci_crud\system\BaseModel.php(692): CodeIgniter\Model->insert(Array, false)
#8 C:\New Xampp\htdocs\ci_crud\app\Controllers\BrandController.php(21): CodeIgniter\BaseModel->save(Array)
#9 C:\New Xampp\htdocs\ci_crud\system\CodeIgniter.php(934): App\Controllers\BrandController->create()
#10 C:\New Xampp\htdocs\ci_crud\system\CodeIgniter.php(499): CodeIgniter\CodeIgniter->runController(Object(App\Controllers\BrandController))
#11 C:\New Xampp\htdocs\ci_crud\system\CodeIgniter.php(368): CodeIgniter\CodeIgniter->handleRequest(NULL, Object(Config\Cache), false)
#12 C:\New Xampp\htdocs\ci_crud\public\index.php(67): CodeIgniter\CodeIgniter->run()
#13 {main}
CRITICAL - 2023-05-06 09:08:33 --> Column 'b_name' cannot be null
in SYSTEMPATH\Database\MySQLi\Connection.php on line 295.
 1 SYSTEMPATH\Database\MySQLi\Connection.php(295): mysqli->query('INSERT INTO `brand` (`b_name`, `created_at`, `updated_at`) VALUES (NULL, \'2023-05-06 09:08:33\', \'2023-05-06 09:08:33\')', 0)
 2 SYSTEMPATH\Database\BaseConnection.php(692): CodeIgniter\Database\MySQLi\Connection->execute('INSERT INTO `brand` (`b_name`, `created_at`, `updated_at`) VALUES (NULL, \'2023-05-06 09:08:33\', \'2023-05-06 09:08:33\')')
 3 SYSTEMPATH\Database\BaseConnection.php(606): CodeIgniter\Database\BaseConnection->simpleQuery('INSERT INTO `brand` (`b_name`, `created_at`, `updated_at`) VALUES (NULL, \'2023-05-06 09:08:33\', \'2023-05-06 09:08:33\')')
 4 SYSTEMPATH\Database\BaseBuilder.php(2309): CodeIgniter\Database\BaseConnection->query('INSERT INTO `brand` (`b_name`, `created_at`, `updated_at`) VALUES (:b_name:, :created_at:, :updated_at:)', [...], false)
 5 SYSTEMPATH\Model.php(330): CodeIgniter\Database\BaseBuilder->insert()
 6 SYSTEMPATH\BaseModel.php(782): CodeIgniter\Model->doInsert([...])
 7 SYSTEMPATH\Model.php(730): CodeIgniter\BaseModel->insert([...], false)
 8 SYSTEMPATH\BaseModel.php(692): CodeIgniter\Model->insert([...], false)
 9 APPPATH\Controllers\BrandController.php(21): CodeIgniter\BaseModel->save([...])
10 SYSTEMPATH\CodeIgniter.php(934): App\Controllers\BrandController->create()
11 SYSTEMPATH\CodeIgniter.php(499): CodeIgniter\CodeIgniter->runController(Object(App\Controllers\BrandController))
12 SYSTEMPATH\CodeIgniter.php(368): CodeIgniter\CodeIgniter->handleRequest(null, Object(Config\Cache), false)
13 FCPATH\index.php(67): CodeIgniter\CodeIgniter->run()
ERROR - 2023-05-06 09:09:34 --> mysqli_sql_exception: Column 'b_name' cannot be null in C:\New Xampp\htdocs\ci_crud\system\Database\MySQLi\Connection.php:295
Stack trace:
#0 C:\New Xampp\htdocs\ci_crud\system\Database\MySQLi\Connection.php(295): mysqli->query('INSERT INTO `br...', 0)
#1 C:\New Xampp\htdocs\ci_crud\system\Database\BaseConnection.php(692): CodeIgniter\Database\MySQLi\Connection->execute('INSERT INTO `br...')
#2 C:\New Xampp\htdocs\ci_crud\system\Database\BaseConnection.php(606): CodeIgniter\Database\BaseConnection->simpleQuery('INSERT INTO `br...')
#3 C:\New Xampp\htdocs\ci_crud\system\Database\BaseBuilder.php(2309): CodeIgniter\Database\BaseConnection->query('INSERT INTO `br...', Array, false)
#4 C:\New Xampp\htdocs\ci_crud\system\Model.php(330): CodeIgniter\Database\BaseBuilder->insert()
#5 C:\New Xampp\htdocs\ci_crud\system\BaseModel.php(782): CodeIgniter\Model->doInsert(Array)
#6 C:\New Xampp\htdocs\ci_crud\system\Model.php(730): CodeIgniter\BaseModel->insert(Array, false)
#7 C:\New Xampp\htdocs\ci_crud\system\BaseModel.php(692): CodeIgniter\Model->insert(Array, false)
#8 C:\New Xampp\htdocs\ci_crud\app\Controllers\BrandController.php(21): CodeIgniter\BaseModel->save(Array)
#9 C:\New Xampp\htdocs\ci_crud\system\CodeIgniter.php(934): App\Controllers\BrandController->create()
#10 C:\New Xampp\htdocs\ci_crud\system\CodeIgniter.php(499): CodeIgniter\CodeIgniter->runController(Object(App\Controllers\BrandController))
#11 C:\New Xampp\htdocs\ci_crud\system\CodeIgniter.php(368): CodeIgniter\CodeIgniter->handleRequest(NULL, Object(Config\Cache), false)
#12 C:\New Xampp\htdocs\ci_crud\public\index.php(67): CodeIgniter\CodeIgniter->run()
#13 {main}
CRITICAL - 2023-05-06 09:09:34 --> Column 'b_name' cannot be null
in SYSTEMPATH\Database\MySQLi\Connection.php on line 295.
 1 SYSTEMPATH\Database\MySQLi\Connection.php(295): mysqli->query('INSERT INTO `brand` (`b_name`, `created_at`, `updated_at`) VALUES (NULL, \'2023-05-06 09:09:34\', \'2023-05-06 09:09:34\')', 0)
 2 SYSTEMPATH\Database\BaseConnection.php(692): CodeIgniter\Database\MySQLi\Connection->execute('INSERT INTO `brand` (`b_name`, `created_at`, `updated_at`) VALUES (NULL, \'2023-05-06 09:09:34\', \'2023-05-06 09:09:34\')')
 3 SYSTEMPATH\Database\BaseConnection.php(606): CodeIgniter\Database\BaseConnection->simpleQuery('INSERT INTO `brand` (`b_name`, `created_at`, `updated_at`) VALUES (NULL, \'2023-05-06 09:09:34\', \'2023-05-06 09:09:34\')')
 4 SYSTEMPATH\Database\BaseBuilder.php(2309): CodeIgniter\Database\BaseConnection->query('INSERT INTO `brand` (`b_name`, `created_at`, `updated_at`) VALUES (:b_name:, :created_at:, :updated_at:)', [...], false)
 5 SYSTEMPATH\Model.php(330): CodeIgniter\Database\BaseBuilder->insert()
 6 SYSTEMPATH\BaseModel.php(782): CodeIgniter\Model->doInsert([...])
 7 SYSTEMPATH\Model.php(730): CodeIgniter\BaseModel->insert([...], false)
 8 SYSTEMPATH\BaseModel.php(692): CodeIgniter\Model->insert([...], false)
 9 APPPATH\Controllers\BrandController.php(21): CodeIgniter\BaseModel->save([...])
10 SYSTEMPATH\CodeIgniter.php(934): App\Controllers\BrandController->create()
11 SYSTEMPATH\CodeIgniter.php(499): CodeIgniter\CodeIgniter->runController(Object(App\Controllers\BrandController))
12 SYSTEMPATH\CodeIgniter.php(368): CodeIgniter\CodeIgniter->handleRequest(null, Object(Config\Cache), false)
13 FCPATH\index.php(67): CodeIgniter\CodeIgniter->run()
ERROR - 2023-05-06 09:16:13 --> mysqli_sql_exception: Column 'b_name' cannot be null in C:\New Xampp\htdocs\ci_crud\system\Database\MySQLi\Connection.php:295
Stack trace:
#0 C:\New Xampp\htdocs\ci_crud\system\Database\MySQLi\Connection.php(295): mysqli->query('INSERT INTO `br...', 0)
#1 C:\New Xampp\htdocs\ci_crud\system\Database\BaseConnection.php(692): CodeIgniter\Database\MySQLi\Connection->execute('INSERT INTO `br...')
#2 C:\New Xampp\htdocs\ci_crud\system\Database\BaseConnection.php(606): CodeIgniter\Database\BaseConnection->simpleQuery('INSERT INTO `br...')
#3 C:\New Xampp\htdocs\ci_crud\system\Database\BaseBuilder.php(2309): CodeIgniter\Database\BaseConnection->query('INSERT INTO `br...', Array, false)
#4 C:\New Xampp\htdocs\ci_crud\system\Model.php(330): CodeIgniter\Database\BaseBuilder->insert()
#5 C:\New Xampp\htdocs\ci_crud\system\BaseModel.php(782): CodeIgniter\Model->doInsert(Array)
#6 C:\New Xampp\htdocs\ci_crud\system\Model.php(730): CodeIgniter\BaseModel->insert(Array, false)
#7 C:\New Xampp\htdocs\ci_crud\system\BaseModel.php(692): CodeIgniter\Model->insert(Array, false)
#8 C:\New Xampp\htdocs\ci_crud\app\Controllers\BrandController.php(21): CodeIgniter\BaseModel->save(Array)
#9 C:\New Xampp\htdocs\ci_crud\system\CodeIgniter.php(934): App\Controllers\BrandController->create()
#10 C:\New Xampp\htdocs\ci_crud\system\CodeIgniter.php(499): CodeIgniter\CodeIgniter->runController(Object(App\Controllers\BrandController))
#11 C:\New Xampp\htdocs\ci_crud\system\CodeIgniter.php(368): CodeIgniter\CodeIgniter->handleRequest(NULL, Object(Config\Cache), false)
#12 C:\New Xampp\htdocs\ci_crud\public\index.php(67): CodeIgniter\CodeIgniter->run()
#13 {main}
CRITICAL - 2023-05-06 09:16:13 --> Column 'b_name' cannot be null
in SYSTEMPATH\Database\MySQLi\Connection.php on line 295.
 1 SYSTEMPATH\Database\MySQLi\Connection.php(295): mysqli->query('INSERT INTO `brand` (`b_name`, `created_at`, `updated_at`) VALUES (NULL, \'2023-05-06 09:16:13\', \'2023-05-06 09:16:13\')', 0)
 2 SYSTEMPATH\Database\BaseConnection.php(692): CodeIgniter\Database\MySQLi\Connection->execute('INSERT INTO `brand` (`b_name`, `created_at`, `updated_at`) VALUES (NULL, \'2023-05-06 09:16:13\', \'2023-05-06 09:16:13\')')
 3 SYSTEMPATH\Database\BaseConnection.php(606): CodeIgniter\Database\BaseConnection->simpleQuery('INSERT INTO `brand` (`b_name`, `created_at`, `updated_at`) VALUES (NULL, \'2023-05-06 09:16:13\', \'2023-05-06 09:16:13\')')
 4 SYSTEMPATH\Database\BaseBuilder.php(2309): CodeIgniter\Database\BaseConnection->query('INSERT INTO `brand` (`b_name`, `created_at`, `updated_at`) VALUES (:b_name:, :created_at:, :updated_at:)', [...], false)
 5 SYSTEMPATH\Model.php(330): CodeIgniter\Database\BaseBuilder->insert()
 6 SYSTEMPATH\BaseModel.php(782): CodeIgniter\Model->doInsert([...])
 7 SYSTEMPATH\Model.php(730): CodeIgniter\BaseModel->insert([...], false)
 8 SYSTEMPATH\BaseModel.php(692): CodeIgniter\Model->insert([...], false)
 9 APPPATH\Controllers\BrandController.php(21): CodeIgniter\BaseModel->save([...])
10 SYSTEMPATH\CodeIgniter.php(934): App\Controllers\BrandController->create()
11 SYSTEMPATH\CodeIgniter.php(499): CodeIgniter\CodeIgniter->runController(Object(App\Controllers\BrandController))
12 SYSTEMPATH\CodeIgniter.php(368): CodeIgniter\CodeIgniter->handleRequest(null, Object(Config\Cache), false)
13 FCPATH\index.php(67): CodeIgniter\CodeIgniter->run()
ERROR - 2023-05-06 09:17:14 --> mysqli_sql_exception: Column 'b_name' cannot be null in C:\New Xampp\htdocs\ci_crud\system\Database\MySQLi\Connection.php:295
Stack trace:
#0 C:\New Xampp\htdocs\ci_crud\system\Database\MySQLi\Connection.php(295): mysqli->query('INSERT INTO `br...', 0)
#1 C:\New Xampp\htdocs\ci_crud\system\Database\BaseConnection.php(692): CodeIgniter\Database\MySQLi\Connection->execute('INSERT INTO `br...')
#2 C:\New Xampp\htdocs\ci_crud\system\Database\BaseConnection.php(606): CodeIgniter\Database\BaseConnection->simpleQuery('INSERT INTO `br...')
#3 C:\New Xampp\htdocs\ci_crud\system\Database\BaseBuilder.php(2309): CodeIgniter\Database\BaseConnection->query('INSERT INTO `br...', Array, false)
#4 C:\New Xampp\htdocs\ci_crud\system\Model.php(330): CodeIgniter\Database\BaseBuilder->insert()
#5 C:\New Xampp\htdocs\ci_crud\system\BaseModel.php(782): CodeIgniter\Model->doInsert(Array)
#6 C:\New Xampp\htdocs\ci_crud\system\Model.php(730): CodeIgniter\BaseModel->insert(Array, false)
#7 C:\New Xampp\htdocs\ci_crud\system\BaseModel.php(692): CodeIgniter\Model->insert(Array, false)
#8 C:\New Xampp\htdocs\ci_crud\app\Controllers\BrandController.php(21): CodeIgniter\BaseModel->save(Array)
#9 C:\New Xampp\htdocs\ci_crud\system\CodeIgniter.php(934): App\Controllers\BrandController->create()
#10 C:\New Xampp\htdocs\ci_crud\system\CodeIgniter.php(499): CodeIgniter\CodeIgniter->runController(Object(App\Controllers\BrandController))
#11 C:\New Xampp\htdocs\ci_crud\system\CodeIgniter.php(368): CodeIgniter\CodeIgniter->handleRequest(NULL, Object(Config\Cache), false)
#12 C:\New Xampp\htdocs\ci_crud\public\index.php(67): CodeIgniter\CodeIgniter->run()
#13 {main}
CRITICAL - 2023-05-06 09:17:14 --> Column 'b_name' cannot be null
in SYSTEMPATH\Database\MySQLi\Connection.php on line 295.
 1 SYSTEMPATH\Database\MySQLi\Connection.php(295): mysqli->query('INSERT INTO `brand` (`b_name`, `created_at`, `updated_at`) VALUES (NULL, \'2023-05-06 09:17:14\', \'2023-05-06 09:17:14\')', 0)
 2 SYSTEMPATH\Database\BaseConnection.php(692): CodeIgniter\Database\MySQLi\Connection->execute('INSERT INTO `brand` (`b_name`, `created_at`, `updated_at`) VALUES (NULL, \'2023-05-06 09:17:14\', \'2023-05-06 09:17:14\')')
 3 SYSTEMPATH\Database\BaseConnection.php(606): CodeIgniter\Database\BaseConnection->simpleQuery('INSERT INTO `brand` (`b_name`, `created_at`, `updated_at`) VALUES (NULL, \'2023-05-06 09:17:14\', \'2023-05-06 09:17:14\')')
 4 SYSTEMPATH\Database\BaseBuilder.php(2309): CodeIgniter\Database\BaseConnection->query('INSERT INTO `brand` (`b_name`, `created_at`, `updated_at`) VALUES (:b_name:, :created_at:, :updated_at:)', [...], false)
 5 SYSTEMPATH\Model.php(330): CodeIgniter\Database\BaseBuilder->insert()
 6 SYSTEMPATH\BaseModel.php(782): CodeIgniter\Model->doInsert([...])
 7 SYSTEMPATH\Model.php(730): CodeIgniter\BaseModel->insert([...], false)
 8 SYSTEMPATH\BaseModel.php(692): CodeIgniter\Model->insert([...], false)
 9 APPPATH\Controllers\BrandController.php(21): CodeIgniter\BaseModel->save([...])
10 SYSTEMPATH\CodeIgniter.php(934): App\Controllers\BrandController->create()
11 SYSTEMPATH\CodeIgniter.php(499): CodeIgniter\CodeIgniter->runController(Object(App\Controllers\BrandController))
12 SYSTEMPATH\CodeIgniter.php(368): CodeIgniter\CodeIgniter->handleRequest(null, Object(Config\Cache), false)
13 FCPATH\index.php(67): CodeIgniter\CodeIgniter->run()
INFO - 2023-05-06 09:18:50 --> Session: Class initialized using 'CodeIgniter\Session\Handlers\FileHandler' driver.
INFO - 2023-05-06 09:20:19 --> Session: Class initialized using 'CodeIgniter\Session\Handlers\FileHandler' driver.
INFO - 2023-05-06 09:22:47 --> Session: Class initialized using 'CodeIgniter\Session\Handlers\FileHandler' driver.
INFO - 2023-05-06 09:45:14 --> Session: Class initialized using 'CodeIgniter\Session\Handlers\FileHandler' driver.
INFO - 2023-05-06 09:45:20 --> Session: Class initialized using 'CodeIgniter\Session\Handlers\FileHandler' driver.
INFO - 2023-05-06 09:45:40 --> Session: Class initialized using 'CodeIgniter\Session\Handlers\FileHandler' driver.
INFO - 2023-05-06 09:51:43 --> Session: Class initialized using 'CodeIgniter\Session\Handlers\FileHandler' driver.
INFO - 2023-05-06 09:52:43 --> Session: Class initialized using 'CodeIgniter\Session\Handlers\FileHandler' driver.
INFO - 2023-05-06 09:57:49 --> Session: Class initialized using 'CodeIgniter\Session\Handlers\FileHandler' driver.
INFO - 2023-05-06 10:13:30 --> Session: Class initialized using 'CodeIgniter\Session\Handlers\FileHandler' driver.
INFO - 2023-05-06 10:13:39 --> Session: Class initialized using 'CodeIgniter\Session\Handlers\FileHandler' driver.
INFO - 2023-05-06 10:13:50 --> Session: Class initialized using 'CodeIgniter\Session\Handlers\FileHandler' driver.
INFO - 2023-05-06 10:18:41 --> Session: Class initialized using 'CodeIgniter\Session\Handlers\FileHandler' driver.
INFO - 2023-05-06 10:27:59 --> Session: Class initialized using 'CodeIgniter\Session\Handlers\FileHandler' driver.
INFO - 2023-05-06 10:31:20 --> Session: Class initialized using 'CodeIgniter\Session\Handlers\FileHandler' driver.
INFO - 2023-05-06 10:49:09 --> Session: Class initialized using 'CodeIgniter\Session\Handlers\FileHandler' driver.
INFO - 2023-05-06 10:49:19 --> Session: Class initialized using 'CodeIgniter\Session\Handlers\FileHandler' driver.
INFO - 2023-05-06 10:58:42 --> Session: Class initialized using 'CodeIgniter\Session\Handlers\FileHandler' driver.
CRITICAL - 2023-05-06 10:59:13 --> Undefined variable $users
in APPPATH\Controllers\UserController.php on line 46.
 1 APPPATH\Controllers\UserController.php(46): CodeIgniter\Debug\Exceptions->errorHandler(2, 'Undefined variable $users', 'C:\\New Xampp\\htdocs\\ci_crud\\app\\Controllers\\UserController.php', 46)
 2 SYSTEMPATH\CodeIgniter.php(934): App\Controllers\UserController->search()
 3 SYSTEMPATH\CodeIgniter.php(499): CodeIgniter\CodeIgniter->runController(Object(App\Controllers\UserController))
 4 SYSTEMPATH\CodeIgniter.php(368): CodeIgniter\CodeIgniter->handleRequest(null, Object(Config\Cache), false)
 5 FCPATH\index.php(67): CodeIgniter\CodeIgniter->run()
ERROR - 2023-05-06 11:07:47 --> mysqli_sql_exception: You have an error in your SQL syntax; check the manual that corresponds to your MariaDB server version for the right syntax to use near 'LIKE '%fdskfj%' ESCAPE '!'' at line 3 in C:\New Xampp\htdocs\ci_crud\system\Database\MySQLi\Connection.php:295
Stack trace:
#0 C:\New Xampp\htdocs\ci_crud\system\Database\MySQLi\Connection.php(295): mysqli->query('SELECT `id`, `f...', 0)
#1 C:\New Xampp\htdocs\ci_crud\system\Database\BaseConnection.php(692): CodeIgniter\Database\MySQLi\Connection->execute('SELECT `id`, `f...')
#2 C:\New Xampp\htdocs\ci_crud\system\Database\BaseConnection.php(606): CodeIgniter\Database\BaseConnection->simpleQuery('SELECT `id`, `f...')
#3 C:\New Xampp\htdocs\ci_crud\system\Database\BaseBuilder.php(1616): CodeIgniter\Database\BaseConnection->query('SELECT `id`, `f...', Array, false)
#4 C:\New Xampp\htdocs\ci_crud\system\Model.php(241): CodeIgniter\Database\BaseBuilder->get()
#5 C:\New Xampp\htdocs\ci_crud\system\BaseModel.php(618): CodeIgniter\Model->doFindAll(0, 0)
#6 C:\New Xampp\htdocs\ci_crud\app\Controllers\UserController.php(44): CodeIgniter\BaseModel->findAll()
#7 C:\New Xampp\htdocs\ci_crud\system\CodeIgniter.php(934): App\Controllers\UserController->search()
#8 C:\New Xampp\htdocs\ci_crud\system\CodeIgniter.php(499): CodeIgniter\CodeIgniter->runController(Object(App\Controllers\UserController))
#9 C:\New Xampp\htdocs\ci_crud\system\CodeIgniter.php(368): CodeIgniter\CodeIgniter->handleRequest(NULL, Object(Config\Cache), false)
#10 C:\New Xampp\htdocs\ci_crud\public\index.php(67): CodeIgniter\CodeIgniter->run()
#11 {main}
CRITICAL - 2023-05-06 11:07:47 --> You have an error in your SQL syntax; check the manual that corresponds to your MariaDB server version for the right syntax to use near 'LIKE '%fdskfj%' ESCAPE '!'' at line 3
in SYSTEMPATH\Database\MySQLi\Connection.php on line 295.
 1 SYSTEMPATH\Database\MySQLi\Connection.php(295): mysqli->query('SELECT `id`, `f_name`, `l_name`, `email`, `salery`
FROM `users`
WHERE  LIKE \'%fdskfj%\' ESCAPE \'!\'', 0)
 2 SYSTEMPATH\Database\BaseConnection.php(692): CodeIgniter\Database\MySQLi\Connection->execute('SELECT `id`, `f_name`, `l_name`, `email`, `salery`
FROM `users`
WHERE  LIKE \'%fdskfj%\' ESCAPE \'!\'')
 3 SYSTEMPATH\Database\BaseConnection.php(606): CodeIgniter\Database\BaseConnection->simpleQuery('SELECT `id`, `f_name`, `l_name`, `email`, `salery`
FROM `users`
WHERE  LIKE \'%fdskfj%\' ESCAPE \'!\'')
 4 SYSTEMPATH\Database\BaseBuilder.php(1616): CodeIgniter\Database\BaseConnection->query('SELECT `id`, `f_name`, `l_name`, `email`, `salery`
FROM `users`
WHERE  LIKE :: ESCAPE \'!\'', [...], false)
 5 SYSTEMPATH\Model.php(241): CodeIgniter\Database\BaseBuilder->get()
 6 SYSTEMPATH\BaseModel.php(618): CodeIgniter\Model->doFindAll(0, 0)
 7 APPPATH\Controllers\UserController.php(44): CodeIgniter\BaseModel->findAll()
 8 SYSTEMPATH\CodeIgniter.php(934): App\Controllers\UserController->search()
 9 SYSTEMPATH\CodeIgniter.php(499): CodeIgniter\CodeIgniter->runController(Object(App\Controllers\UserController))
10 SYSTEMPATH\CodeIgniter.php(368): CodeIgniter\CodeIgniter->handleRequest(null, Object(Config\Cache), false)
11 FCPATH\index.php(67): CodeIgniter\CodeIgniter->run()
ERROR - 2023-05-06 11:08:23 --> mysqli_sql_exception: You have an error in your SQL syntax; check the manual that corresponds to your MariaDB server version for the right syntax to use near 'LIKE '%fdskfj%' ESCAPE '!'' at line 3 in C:\New Xampp\htdocs\ci_crud\system\Database\MySQLi\Connection.php:295
Stack trace:
#0 C:\New Xampp\htdocs\ci_crud\system\Database\MySQLi\Connection.php(295): mysqli->query('SELECT `id`, `f...', 0)
#1 C:\New Xampp\htdocs\ci_crud\system\Database\BaseConnection.php(692): CodeIgniter\Database\MySQLi\Connection->execute('SELECT `id`, `f...')
#2 C:\New Xampp\htdocs\ci_crud\system\Database\BaseConnection.php(606): CodeIgniter\Database\BaseConnection->simpleQuery('SELECT `id`, `f...')
#3 C:\New Xampp\htdocs\ci_crud\system\Database\BaseBuilder.php(1616): CodeIgniter\Database\BaseConnection->query('SELECT `id`, `f...', Array, false)
#4 C:\New Xampp\htdocs\ci_crud\system\Model.php(241): CodeIgniter\Database\BaseBuilder->get()
#5 C:\New Xampp\htdocs\ci_crud\system\BaseModel.php(618): CodeIgniter\Model->doFindAll(0, 0)
#6 C:\New Xampp\htdocs\ci_crud\app\Controllers\UserController.php(44): CodeIgniter\BaseModel->findAll()
#7 C:\New Xampp\htdocs\ci_crud\system\CodeIgniter.php(934): App\Controllers\UserController->search()
#8 C:\New Xampp\htdocs\ci_crud\system\CodeIgniter.php(499): CodeIgniter\CodeIgniter->runController(Object(App\Controllers\UserController))
#9 C:\New Xampp\htdocs\ci_crud\system\CodeIgniter.php(368): CodeIgniter\CodeIgniter->handleRequest(NULL, Object(Config\Cache), false)
#10 C:\New Xampp\htdocs\ci_crud\public\index.php(67): CodeIgniter\CodeIgniter->run()
#11 {main}
CRITICAL - 2023-05-06 11:08:23 --> You have an error in your SQL syntax; check the manual that corresponds to your MariaDB server version for the right syntax to use near 'LIKE '%fdskfj%' ESCAPE '!'' at line 3
in SYSTEMPATH\Database\MySQLi\Connection.php on line 295.
 1 SYSTEMPATH\Database\MySQLi\Connection.php(295): mysqli->query('SELECT `id`, `f_name`, `l_name`, `email`, `salery`
FROM `users`
WHERE  LIKE \'%fdskfj%\' ESCAPE \'!\'', 0)
 2 SYSTEMPATH\Database\BaseConnection.php(692): CodeIgniter\Database\MySQLi\Connection->execute('SELECT `id`, `f_name`, `l_name`, `email`, `salery`
FROM `users`
WHERE  LIKE \'%fdskfj%\' ESCAPE \'!\'')
 3 SYSTEMPATH\Database\BaseConnection.php(606): CodeIgniter\Database\BaseConnection->simpleQuery('SELECT `id`, `f_name`, `l_name`, `email`, `salery`
FROM `users`
WHERE  LIKE \'%fdskfj%\' ESCAPE \'!\'')
 4 SYSTEMPATH\Database\BaseBuilder.php(1616): CodeIgniter\Database\BaseConnection->query('SELECT `id`, `f_name`, `l_name`, `email`, `salery`
FROM `users`
WHERE  LIKE :: ESCAPE \'!\'', [...], false)
 5 SYSTEMPATH\Model.php(241): CodeIgniter\Database\BaseBuilder->get()
 6 SYSTEMPATH\BaseModel.php(618): CodeIgniter\Model->doFindAll(0, 0)
 7 APPPATH\Controllers\UserController.php(44): CodeIgniter\BaseModel->findAll()
 8 SYSTEMPATH\CodeIgniter.php(934): App\Controllers\UserController->search()
 9 SYSTEMPATH\CodeIgniter.php(499): CodeIgniter\CodeIgniter->runController(Object(App\Controllers\UserController))
10 SYSTEMPATH\CodeIgniter.php(368): CodeIgniter\CodeIgniter->handleRequest(null, Object(Config\Cache), false)
11 FCPATH\index.php(67): CodeIgniter\CodeIgniter->run()
INFO - 2023-05-06 11:08:37 --> Session: Class initialized using 'CodeIgniter\Session\Handlers\FileHandler' driver.
INFO - 2023-05-06 11:18:29 --> Session: Class initialized using 'CodeIgniter\Session\Handlers\FileHandler' driver.
INFO - 2023-05-06 11:20:58 --> Session: Class initialized using 'CodeIgniter\Session\Handlers\FileHandler' driver.
INFO - 2023-05-06 11:21:35 --> Session: Class initialized using 'CodeIgniter\Session\Handlers\FileHandler' driver.
INFO - 2023-05-06 11:22:06 --> Session: Class initialized using 'CodeIgniter\Session\Handlers\FileHandler' driver.
INFO - 2023-05-06 11:22:26 --> Session: Class initialized using 'CodeIgniter\Session\Handlers\FileHandler' driver.
INFO - 2023-05-06 11:23:14 --> Session: Class initialized using 'CodeIgniter\Session\Handlers\FileHandler' driver.
INFO - 2023-05-06 11:23:17 --> Session: Class initialized using 'CodeIgniter\Session\Handlers\FileHandler' driver.
INFO - 2023-05-06 11:23:24 --> Session: Class initialized using 'CodeIgniter\Session\Handlers\FileHandler' driver.
INFO - 2023-05-06 11:24:45 --> Session: Class initialized using 'CodeIgniter\Session\Handlers\FileHandler' driver.
INFO - 2023-05-06 11:27:14 --> Session: Class initialized using 'CodeIgniter\Session\Handlers\FileHandler' driver.
INFO - 2023-05-06 11:29:43 --> Session: Class initialized using 'CodeIgniter\Session\Handlers\FileHandler' driver.
INFO - 2023-05-06 11:29:53 --> Session: Class initialized using 'CodeIgniter\Session\Handlers\FileHandler' driver.
INFO - 2023-05-06 11:30:05 --> Session: Class initialized using 'CodeIgniter\Session\Handlers\FileHandler' driver.
INFO - 2023-05-06 11:31:02 --> Session: Class initialized using 'CodeIgniter\Session\Handlers\FileHandler' driver.
INFO - 2023-05-06 11:31:08 --> Session: Class initialized using 'CodeIgniter\Session\Handlers\FileHandler' driver.
INFO - 2023-05-06 11:31:12 --> Session: Class initialized using 'CodeIgniter\Session\Handlers\FileHandler' driver.
INFO - 2023-05-06 11:31:29 --> Session: Class initialized using 'CodeIgniter\Session\Handlers\FileHandler' driver.
INFO - 2023-05-06 11:31:34 --> Session: Class initialized using 'CodeIgniter\Session\Handlers\FileHandler' driver.
INFO - 2023-05-06 11:33:37 --> Session: Class initialized using 'CodeIgniter\Session\Handlers\FileHandler' driver.
INFO - 2023-05-06 11:42:12 --> Session: Class initialized using 'CodeIgniter\Session\Handlers\FileHandler' driver.
INFO - 2023-05-06 11:42:52 --> Session: Class initialized using 'CodeIgniter\Session\Handlers\FileHandler' driver.
INFO - 2023-05-06 11:43:48 --> Session: Class initialized using 'CodeIgniter\Session\Handlers\FileHandler' driver.
INFO - 2023-05-06 11:44:32 --> Session: Class initialized using 'CodeIgniter\Session\Handlers\FileHandler' driver.
INFO - 2023-05-06 11:44:37 --> Session: Class initialized using 'CodeIgniter\Session\Handlers\FileHandler' driver.
INFO - 2023-05-06 11:45:20 --> Session: Class initialized using 'CodeIgniter\Session\Handlers\FileHandler' driver.
INFO - 2023-05-06 11:45:31 --> Session: Class initialized using 'CodeIgniter\Session\Handlers\FileHandler' driver.
INFO - 2023-05-06 11:45:40 --> Session: Class initialized using 'CodeIgniter\Session\Handlers\FileHandler' driver.
INFO - 2023-05-06 11:48:14 --> Session: Class initialized using 'CodeIgniter\Session\Handlers\FileHandler' driver.
INFO - 2023-05-06 11:48:33 --> Session: Class initialized using 'CodeIgniter\Session\Handlers\FileHandler' driver.
INFO - 2023-05-06 11:56:14 --> Session: Class initialized using 'CodeIgniter\Session\Handlers\FileHandler' driver.
INFO - 2023-05-06 11:57:28 --> Session: Class initialized using 'CodeIgniter\Session\Handlers\FileHandler' driver.
CRITICAL - 2023-05-06 12:03:24 --> Array to string conversion
in APPPATH\Views\index.php on line 12.
 1 APPPATH\Views\index.php(12): CodeIgniter\Debug\Exceptions->errorHandler(2, 'Array to string conversion', 'C:\\New Xampp\\htdocs\\ci_crud\\app\\Views\\index.php', 12)
 2 SYSTEMPATH\View\View.php(213): include('C:\\New Xampp\\htdocs\\ci_crud\\app\\Views\\index.php')
 3 SYSTEMPATH\View\View.php(216): CodeIgniter\View\View->CodeIgniter\View\{closure}()
 4 SYSTEMPATH\Common.php(1184): CodeIgniter\View\View->render('index', [], true)
 5 APPPATH\Controllers\UserController.php(70): view('index', [...])
 6 SYSTEMPATH\CodeIgniter.php(934): App\Controllers\UserController->search()
 7 SYSTEMPATH\CodeIgniter.php(499): CodeIgniter\CodeIgniter->runController(Object(App\Controllers\UserController))
 8 SYSTEMPATH\CodeIgniter.php(368): CodeIgniter\CodeIgniter->handleRequest(null, Object(Config\Cache), false)
 9 FCPATH\index.php(67): CodeIgniter\CodeIgniter->run()
INFO - 2023-05-06 12:04:13 --> Session: Class initialized using 'CodeIgniter\Session\Handlers\FileHandler' driver.
INFO - 2023-05-06 12:04:21 --> Session: Class initialized using 'CodeIgniter\Session\Handlers\FileHandler' driver.
INFO - 2023-05-06 12:07:53 --> Session: Class initialized using 'CodeIgniter\Session\Handlers\FileHandler' driver.
INFO - 2023-05-06 12:09:11 --> Session: Class initialized using 'CodeIgniter\Session\Handlers\FileHandler' driver.
INFO - 2023-05-06 12:09:23 --> Session: Class initialized using 'CodeIgniter\Session\Handlers\FileHandler' driver.
INFO - 2023-05-06 12:09:31 --> Session: Class initialized using 'CodeIgniter\Session\Handlers\FileHandler' driver.
CRITICAL - 2023-05-06 12:10:33 --> CodeIgniter\Database\BaseBuilder::like(): Argument #2 ($match) must be of type string, array given, called in C:\New Xampp\htdocs\ci_crud\system\Model.php on line 840
in SYSTEMPATH\Database\BaseBuilder.php on line 984.
 1 SYSTEMPATH\Model.php(840): CodeIgniter\Database\BaseBuilder->like([...], [...])
 2 APPPATH\Controllers\UserController.php(63): CodeIgniter\Model->__call('like', [...])
 3 SYSTEMPATH\CodeIgniter.php(934): App\Controllers\UserController->search()
 4 SYSTEMPATH\CodeIgniter.php(499): CodeIgniter\CodeIgniter->runController(Object(App\Controllers\UserController))
 5 SYSTEMPATH\CodeIgniter.php(368): CodeIgniter\CodeIgniter->handleRequest(null, Object(Config\Cache), false)
 6 FCPATH\index.php(67): CodeIgniter\CodeIgniter->run()
ERROR - 2023-05-06 12:13:39 --> mysqli_sql_exception: You have an error in your SQL syntax; check the manual that corresponds to your MariaDB server version for the right syntax to use near ':0: ESCAPE '!'
AND  1 LIKE :1: ESCAPE '!'
OR  `email` LIKE :email: ESCAPE '!'...' at line 3 in C:\New Xampp\htdocs\ci_crud\system\Database\MySQLi\Connection.php:295
Stack trace:
#0 C:\New Xampp\htdocs\ci_crud\system\Database\MySQLi\Connection.php(295): mysqli->query('SELECT `id`, `f...', 0)
#1 C:\New Xampp\htdocs\ci_crud\system\Database\BaseConnection.php(692): CodeIgniter\Database\MySQLi\Connection->execute('SELECT `id`, `f...')
#2 C:\New Xampp\htdocs\ci_crud\system\Database\BaseConnection.php(606): CodeIgniter\Database\BaseConnection->simpleQuery('SELECT `id`, `f...')
#3 C:\New Xampp\htdocs\ci_crud\system\Database\BaseBuilder.php(1616): CodeIgniter\Database\BaseConnection->query('SELECT `id`, `f...', Array, false)
#4 C:\New Xampp\htdocs\ci_crud\system\Model.php(241): CodeIgniter\Database\BaseBuilder->get()
#5 C:\New Xampp\htdocs\ci_crud\system\BaseModel.php(618): CodeIgniter\Model->doFindAll(0, 0)
#6 C:\New Xampp\htdocs\ci_crud\app\Controllers\UserController.php(66): CodeIgniter\BaseModel->findAll()
#7 C:\New Xampp\htdocs\ci_crud\system\CodeIgniter.php(934): App\Controllers\UserController->search()
#8 C:\New Xampp\htdocs\ci_crud\system\CodeIgniter.php(499): CodeIgniter\CodeIgniter->runController(Object(App\Controllers\UserController))
#9 C:\New Xampp\htdocs\ci_crud\system\CodeIgniter.php(368): CodeIgniter\CodeIgniter->handleRequest(NULL, Object(Config\Cache), false)
#10 C:\New Xampp\htdocs\ci_crud\public\index.php(67): CodeIgniter\CodeIgniter->run()
#11 {main}
CRITICAL - 2023-05-06 12:13:39 --> You have an error in your SQL syntax; check the manual that corresponds to your MariaDB server version for the right syntax to use near ':0: ESCAPE '!'
AND  1 LIKE :1: ESCAPE '!'
OR  `email` LIKE :email: ESCAPE '!'...' at line 3
in SYSTEMPATH\Database\MySQLi\Connection.php on line 295.
 1 SYSTEMPATH\Database\MySQLi\Connection.php(295): mysqli->query('SELECT `id`, `f_name`, `l_name`, `email`, `salery`
FROM `users`
WHERE 0 LIKE :0: ESCAPE \'!\'
AND  1 LIKE :1: ESCAPE \'!\'
OR  `email` LIKE :email: ESCAPE \'!\'
OR  `salery` LIKE :salery: ESCAPE \'!\'', 0)
 2 SYSTEMPATH\Database\BaseConnection.php(692): CodeIgniter\Database\MySQLi\Connection->execute('SELECT `id`, `f_name`, `l_name`, `email`, `salery`
FROM `users`
WHERE 0 LIKE :0: ESCAPE \'!\'
AND  1 LIKE :1: ESCAPE \'!\'
OR  `email` LIKE :email: ESCAPE \'!\'
OR  `salery` LIKE :salery: ESCAPE \'!\'')
 3 SYSTEMPATH\Database\BaseConnection.php(606): CodeIgniter\Database\BaseConnection->simpleQuery('SELECT `id`, `f_name`, `l_name`, `email`, `salery`
FROM `users`
WHERE 0 LIKE :0: ESCAPE \'!\'
AND  1 LIKE :1: ESCAPE \'!\'
OR  `email` LIKE :email: ESCAPE \'!\'
OR  `salery` LIKE :salery: ESCAPE \'!\'')
 4 SYSTEMPATH\Database\BaseBuilder.php(1616): CodeIgniter\Database\BaseConnection->query('SELECT `id`, `f_name`, `l_name`, `email`, `salery`
FROM `users`
WHERE 0 LIKE :0: ESCAPE \'!\'
AND  1 LIKE :1: ESCAPE \'!\'
OR  `email` LIKE :email: ESCAPE \'!\'
OR  `salery` LIKE :salery: ESCAPE \'!\'', [...], false)
 5 SYSTEMPATH\Model.php(241): CodeIgniter\Database\BaseBuilder->get()
 6 SYSTEMPATH\BaseModel.php(618): CodeIgniter\Model->doFindAll(0, 0)
 7 APPPATH\Controllers\UserController.php(66): CodeIgniter\BaseModel->findAll()
 8 SYSTEMPATH\CodeIgniter.php(934): App\Controllers\UserController->search()
 9 SYSTEMPATH\CodeIgniter.php(499): CodeIgniter\CodeIgniter->runController(Object(App\Controllers\UserController))
10 SYSTEMPATH\CodeIgniter.php(368): CodeIgniter\CodeIgniter->handleRequest(null, Object(Config\Cache), false)
11 FCPATH\index.php(67): CodeIgniter\CodeIgniter->run()
INFO - 2023-05-06 12:13:59 --> Session: Class initialized using 'CodeIgniter\Session\Handlers\FileHandler' driver.
INFO - 2023-05-06 12:25:43 --> Session: Class initialized using 'CodeIgniter\Session\Handlers\FileHandler' driver.
CRITICAL - 2023-05-06 12:47:56 --> Undefined variable $catModel
in APPPATH\Views\categories.php on line 51.
 1 APPPATH\Views\categories.php(51): CodeIgniter\Debug\Exceptions->errorHandler(2, 'Undefined variable $catModel', 'C:\\New Xampp\\htdocs\\ci_crud\\app\\Views\\categories.php', 51)
 2 SYSTEMPATH\View\View.php(213): include('C:\\New Xampp\\htdocs\\ci_crud\\app\\Views\\categories.php')
 3 SYSTEMPATH\View\View.php(216): CodeIgniter\View\View->CodeIgniter\View\{closure}()
 4 SYSTEMPATH\Common.php(1184): CodeIgniter\View\View->render('categories', [], true)
 5 APPPATH\Controllers\CatController.php(15): view('categories', [...])
 6 SYSTEMPATH\CodeIgniter.php(934): App\Controllers\CatController->index()
 7 SYSTEMPATH\CodeIgniter.php(499): CodeIgniter\CodeIgniter->runController(Object(App\Controllers\CatController))
 8 SYSTEMPATH\CodeIgniter.php(368): CodeIgniter\CodeIgniter->handleRequest(null, Object(Config\Cache), false)
 9 FCPATH\index.php(67): CodeIgniter\CodeIgniter->run()
CRITICAL - 2023-05-06 12:49:13 --> Undefined variable $catModel
in APPPATH\Views\categories.php on line 51.
 1 APPPATH\Views\categories.php(51): CodeIgniter\Debug\Exceptions->errorHandler(2, 'Undefined variable $catModel', 'C:\\New Xampp\\htdocs\\ci_crud\\app\\Views\\categories.php', 51)
 2 SYSTEMPATH\View\View.php(213): include('C:\\New Xampp\\htdocs\\ci_crud\\app\\Views\\categories.php')
 3 SYSTEMPATH\View\View.php(216): CodeIgniter\View\View->CodeIgniter\View\{closure}()
 4 SYSTEMPATH\Common.php(1184): CodeIgniter\View\View->render('categories', [], true)
 5 APPPATH\Controllers\CatController.php(15): view('categories', [...])
 6 SYSTEMPATH\CodeIgniter.php(934): App\Controllers\CatController->index()
 7 SYSTEMPATH\CodeIgniter.php(499): CodeIgniter\CodeIgniter->runController(Object(App\Controllers\CatController))
 8 SYSTEMPATH\CodeIgniter.php(368): CodeIgniter\CodeIgniter->handleRequest(null, Object(Config\Cache), false)
 9 FCPATH\index.php(67): CodeIgniter\CodeIgniter->run()
CRITICAL - 2023-05-06 12:49:20 --> Undefined variable $catModel
in APPPATH\Views\categories.php on line 51.
 1 APPPATH\Views\categories.php(51): CodeIgniter\Debug\Exceptions->errorHandler(2, 'Undefined variable $catModel', 'C:\\New Xampp\\htdocs\\ci_crud\\app\\Views\\categories.php', 51)
 2 SYSTEMPATH\View\View.php(213): include('C:\\New Xampp\\htdocs\\ci_crud\\app\\Views\\categories.php')
 3 SYSTEMPATH\View\View.php(216): CodeIgniter\View\View->CodeIgniter\View\{closure}()
 4 SYSTEMPATH\Common.php(1184): CodeIgniter\View\View->render('categories', [], true)
 5 APPPATH\Controllers\CatController.php(15): view('categories', [...])
 6 SYSTEMPATH\CodeIgniter.php(934): App\Controllers\CatController->index()
 7 SYSTEMPATH\CodeIgniter.php(499): CodeIgniter\CodeIgniter->runController(Object(App\Controllers\CatController))
 8 SYSTEMPATH\CodeIgniter.php(368): CodeIgniter\CodeIgniter->handleRequest(null, Object(Config\Cache), false)
 9 FCPATH\index.php(67): CodeIgniter\CodeIgniter->run()
CRITICAL - 2023-05-06 12:51:40 --> Undefined variable $catModel
in APPPATH\Views\categories.php on line 51.
 1 APPPATH\Views\categories.php(51): CodeIgniter\Debug\Exceptions->errorHandler(2, 'Undefined variable $catModel', 'C:\\New Xampp\\htdocs\\ci_crud\\app\\Views\\categories.php', 51)
 2 SYSTEMPATH\View\View.php(213): include('C:\\New Xampp\\htdocs\\ci_crud\\app\\Views\\categories.php')
 3 SYSTEMPATH\View\View.php(216): CodeIgniter\View\View->CodeIgniter\View\{closure}()
 4 SYSTEMPATH\Common.php(1184): CodeIgniter\View\View->render('categories', [], true)
 5 APPPATH\Controllers\CatController.php(15): view('categories', [...])
 6 SYSTEMPATH\CodeIgniter.php(934): App\Controllers\CatController->index()
 7 SYSTEMPATH\CodeIgniter.php(499): CodeIgniter\CodeIgniter->runController(Object(App\Controllers\CatController))
 8 SYSTEMPATH\CodeIgniter.php(368): CodeIgniter\CodeIgniter->handleRequest(null, Object(Config\Cache), false)
 9 FCPATH\index.php(67): CodeIgniter\CodeIgniter->run()
CRITICAL - 2023-05-06 12:56:57 --> Undefined variable $catModel
in APPPATH\Views\categories.php on line 51.
 1 APPPATH\Views\categories.php(51): CodeIgniter\Debug\Exceptions->errorHandler(2, 'Undefined variable $catModel', 'C:\\New Xampp\\htdocs\\ci_crud\\app\\Views\\categories.php', 51)
 2 SYSTEMPATH\View\View.php(213): include('C:\\New Xampp\\htdocs\\ci_crud\\app\\Views\\categories.php')
 3 SYSTEMPATH\View\View.php(216): CodeIgniter\View\View->CodeIgniter\View\{closure}()
 4 SYSTEMPATH\Common.php(1184): CodeIgniter\View\View->render('categories', [], true)
 5 APPPATH\Controllers\CatController.php(15): view('categories', [...])
 6 SYSTEMPATH\CodeIgniter.php(934): App\Controllers\CatController->index()
 7 SYSTEMPATH\CodeIgniter.php(499): CodeIgniter\CodeIgniter->runController(Object(App\Controllers\CatController))
 8 SYSTEMPATH\CodeIgniter.php(368): CodeIgniter\CodeIgniter->handleRequest(null, Object(Config\Cache), false)
 9 FCPATH\index.php(67): CodeIgniter\CodeIgniter->run()
CRITICAL - 2023-05-06 13:00:29 --> Undefined variable $catModel
in APPPATH\Views\categories.php on line 51.
 1 APPPATH\Views\categories.php(51): CodeIgniter\Debug\Exceptions->errorHandler(2, 'Undefined variable $catModel', 'C:\\New Xampp\\htdocs\\ci_crud\\app\\Views\\categories.php', 51)
 2 SYSTEMPATH\View\View.php(213): include('C:\\New Xampp\\htdocs\\ci_crud\\app\\Views\\categories.php')
 3 SYSTEMPATH\View\View.php(216): CodeIgniter\View\View->CodeIgniter\View\{closure}()
 4 SYSTEMPATH\Common.php(1184): CodeIgniter\View\View->render('categories', [], true)
 5 APPPATH\Controllers\CatController.php(15): view('categories', [...])
 6 SYSTEMPATH\CodeIgniter.php(934): App\Controllers\CatController->index()
 7 SYSTEMPATH\CodeIgniter.php(499): CodeIgniter\CodeIgniter->runController(Object(App\Controllers\CatController))
 8 SYSTEMPATH\CodeIgniter.php(368): CodeIgniter\CodeIgniter->handleRequest(null, Object(Config\Cache), false)
 9 FCPATH\index.php(67): CodeIgniter\CodeIgniter->run()
CRITICAL - 2023-05-06 13:09:14 --> Undefined variable $catModel
in APPPATH\Views\categories.php on line 52.
 1 APPPATH\Views\categories.php(52): CodeIgniter\Debug\Exceptions->errorHandler(2, 'Undefined variable $catModel', 'C:\\New Xampp\\htdocs\\ci_crud\\app\\Views\\categories.php', 52)
 2 SYSTEMPATH\View\View.php(213): include('C:\\New Xampp\\htdocs\\ci_crud\\app\\Views\\categories.php')
 3 SYSTEMPATH\View\View.php(216): CodeIgniter\View\View->CodeIgniter\View\{closure}()
 4 SYSTEMPATH\Common.php(1184): CodeIgniter\View\View->render('categories', [], true)
 5 APPPATH\Controllers\CatController.php(15): view('categories', [...])
 6 SYSTEMPATH\CodeIgniter.php(934): App\Controllers\CatController->index()
 7 SYSTEMPATH\CodeIgniter.php(499): CodeIgniter\CodeIgniter->runController(Object(App\Controllers\CatController))
 8 SYSTEMPATH\CodeIgniter.php(368): CodeIgniter\CodeIgniter->handleRequest(null, Object(Config\Cache), false)
 9 FCPATH\index.php(67): CodeIgniter\CodeIgniter->run()
CRITICAL - 2023-05-06 13:09:42 --> Undefined variable $cat
in APPPATH\Views\categories.php on line 52.
 1 APPPATH\Views\categories.php(52): CodeIgniter\Debug\Exceptions->errorHandler(2, 'Undefined variable $cat', 'C:\\New Xampp\\htdocs\\ci_crud\\app\\Views\\categories.php', 52)
 2 SYSTEMPATH\View\View.php(213): include('C:\\New Xampp\\htdocs\\ci_crud\\app\\Views\\categories.php')
 3 SYSTEMPATH\View\View.php(216): CodeIgniter\View\View->CodeIgniter\View\{closure}()
 4 SYSTEMPATH\Common.php(1184): CodeIgniter\View\View->render('categories', [], true)
 5 APPPATH\Controllers\CatController.php(15): view('categories', [...])
 6 SYSTEMPATH\CodeIgniter.php(934): App\Controllers\CatController->index()
 7 SYSTEMPATH\CodeIgniter.php(499): CodeIgniter\CodeIgniter->runController(Object(App\Controllers\CatController))
 8 SYSTEMPATH\CodeIgniter.php(368): CodeIgniter\CodeIgniter->handleRequest(null, Object(Config\Cache), false)
 9 FCPATH\index.php(67): CodeIgniter\CodeIgniter->run()
CRITICAL - 2023-05-06 13:11:15 --> Undefined variable $catModel
in APPPATH\Views\categories.php on line 52.
 1 APPPATH\Views\categories.php(52): CodeIgniter\Debug\Exceptions->errorHandler(2, 'Undefined variable $catModel', 'C:\\New Xampp\\htdocs\\ci_crud\\app\\Views\\categories.php', 52)
 2 SYSTEMPATH\View\View.php(213): include('C:\\New Xampp\\htdocs\\ci_crud\\app\\Views\\categories.php')
 3 SYSTEMPATH\View\View.php(216): CodeIgniter\View\View->CodeIgniter\View\{closure}()
 4 SYSTEMPATH\Common.php(1184): CodeIgniter\View\View->render('categories', [], true)
 5 APPPATH\Controllers\CatController.php(15): view('categories', [...])
 6 SYSTEMPATH\CodeIgniter.php(934): App\Controllers\CatController->index()
 7 SYSTEMPATH\CodeIgniter.php(499): CodeIgniter\CodeIgniter->runController(Object(App\Controllers\CatController))
 8 SYSTEMPATH\CodeIgniter.php(368): CodeIgniter\CodeIgniter->handleRequest(null, Object(Config\Cache), false)
 9 FCPATH\index.php(67): CodeIgniter\CodeIgniter->run()
CRITICAL - 2023-05-06 13:21:44 --> Undefined variable $catModel
in APPPATH\Views\categories.php on line 52.
 1 APPPATH\Views\categories.php(52): CodeIgniter\Debug\Exceptions->errorHandler(2, 'Undefined variable $catModel', 'C:\\New Xampp\\htdocs\\ci_crud\\app\\Views\\categories.php', 52)
 2 SYSTEMPATH\View\View.php(213): include('C:\\New Xampp\\htdocs\\ci_crud\\app\\Views\\categories.php')
 3 SYSTEMPATH\View\View.php(216): CodeIgniter\View\View->CodeIgniter\View\{closure}()
 4 SYSTEMPATH\Common.php(1184): CodeIgniter\View\View->render('categories', [], true)
 5 APPPATH\Controllers\CatController.php(19): view('categories', [...])
 6 SYSTEMPATH\CodeIgniter.php(934): App\Controllers\CatController->index()
 7 SYSTEMPATH\CodeIgniter.php(499): CodeIgniter\CodeIgniter->runController(Object(App\Controllers\CatController))
 8 SYSTEMPATH\CodeIgniter.php(368): CodeIgniter\CodeIgniter->handleRequest(null, Object(Config\Cache), false)
 9 FCPATH\index.php(67): CodeIgniter\CodeIgniter->run()
CRITICAL - 2023-05-06 13:23:28 --> Undefined variable $catModel
in APPPATH\Views\categories.php on line 52.
 1 APPPATH\Views\categories.php(52): CodeIgniter\Debug\Exceptions->errorHandler(2, 'Undefined variable $catModel', 'C:\\New Xampp\\htdocs\\ci_crud\\app\\Views\\categories.php', 52)
 2 SYSTEMPATH\View\View.php(213): include('C:\\New Xampp\\htdocs\\ci_crud\\app\\Views\\categories.php')
 3 SYSTEMPATH\View\View.php(216): CodeIgniter\View\View->CodeIgniter\View\{closure}()
 4 SYSTEMPATH\Common.php(1184): CodeIgniter\View\View->render('categories', [], true)
 5 APPPATH\Controllers\CatController.php(19): view('categories', [...])
 6 SYSTEMPATH\CodeIgniter.php(934): App\Controllers\CatController->index()
 7 SYSTEMPATH\CodeIgniter.php(499): CodeIgniter\CodeIgniter->runController(Object(App\Controllers\CatController))
 8 SYSTEMPATH\CodeIgniter.php(368): CodeIgniter\CodeIgniter->handleRequest(null, Object(Config\Cache), false)
 9 FCPATH\index.php(67): CodeIgniter\CodeIgniter->run()
CRITICAL - 2023-05-06 13:27:25 --> Undefined variable $catModel
in APPPATH\Views\categories.php on line 55.
 1 APPPATH\Views\categories.php(55): CodeIgniter\Debug\Exceptions->errorHandler(2, 'Undefined variable $catModel', 'C:\\New Xampp\\htdocs\\ci_crud\\app\\Views\\categories.php', 55)
 2 SYSTEMPATH\View\View.php(213): include('C:\\New Xampp\\htdocs\\ci_crud\\app\\Views\\categories.php')
 3 SYSTEMPATH\View\View.php(216): CodeIgniter\View\View->CodeIgniter\View\{closure}()
 4 SYSTEMPATH\Common.php(1184): CodeIgniter\View\View->render('categories', [], true)
 5 APPPATH\Controllers\CatController.php(19): view('categories', [...])
 6 SYSTEMPATH\CodeIgniter.php(934): App\Controllers\CatController->index()
 7 SYSTEMPATH\CodeIgniter.php(499): CodeIgniter\CodeIgniter->runController(Object(App\Controllers\CatController))
 8 SYSTEMPATH\CodeIgniter.php(368): CodeIgniter\CodeIgniter->handleRequest(null, Object(Config\Cache), false)
 9 FCPATH\index.php(67): CodeIgniter\CodeIgniter->run()
CRITICAL - 2023-05-06 13:27:46 --> Undefined array key 5
in APPPATH\Views\categories.php on line 55.
 1 APPPATH\Views\categories.php(55): CodeIgniter\Debug\Exceptions->errorHandler(2, 'Undefined array key 5', 'C:\\New Xampp\\htdocs\\ci_crud\\app\\Views\\categories.php', 55)
 2 SYSTEMPATH\View\View.php(213): include('C:\\New Xampp\\htdocs\\ci_crud\\app\\Views\\categories.php')
 3 SYSTEMPATH\View\View.php(216): CodeIgniter\View\View->CodeIgniter\View\{closure}()
 4 SYSTEMPATH\Common.php(1184): CodeIgniter\View\View->render('categories', [], true)
 5 APPPATH\Controllers\CatController.php(19): view('categories', [...])
 6 SYSTEMPATH\CodeIgniter.php(934): App\Controllers\CatController->index()
 7 SYSTEMPATH\CodeIgniter.php(499): CodeIgniter\CodeIgniter->runController(Object(App\Controllers\CatController))
 8 SYSTEMPATH\CodeIgniter.php(368): CodeIgniter\CodeIgniter->handleRequest(null, Object(Config\Cache), false)
 9 FCPATH\index.php(67): CodeIgniter\CodeIgniter->run()
CRITICAL - 2023-05-06 13:30:08 --> Undefined array key 5
in APPPATH\Views\categories.php on line 55.
 1 APPPATH\Views\categories.php(55): CodeIgniter\Debug\Exceptions->errorHandler(2, 'Undefined array key 5', 'C:\\New Xampp\\htdocs\\ci_crud\\app\\Views\\categories.php', 55)
 2 SYSTEMPATH\View\View.php(213): include('C:\\New Xampp\\htdocs\\ci_crud\\app\\Views\\categories.php')
 3 SYSTEMPATH\View\View.php(216): CodeIgniter\View\View->CodeIgniter\View\{closure}()
 4 SYSTEMPATH\Common.php(1184): CodeIgniter\View\View->render('categories', [], true)
 5 APPPATH\Controllers\CatController.php(19): view('categories', [...])
 6 SYSTEMPATH\CodeIgniter.php(934): App\Controllers\CatController->index()
 7 SYSTEMPATH\CodeIgniter.php(499): CodeIgniter\CodeIgniter->runController(Object(App\Controllers\CatController))
 8 SYSTEMPATH\CodeIgniter.php(368): CodeIgniter\CodeIgniter->handleRequest(null, Object(Config\Cache), false)
 9 FCPATH\index.php(67): CodeIgniter\CodeIgniter->run()
CRITICAL - 2023-05-06 13:41:42 --> Undefined array key 5
in APPPATH\Views\categories.php on line 59.
 1 APPPATH\Views\categories.php(59): CodeIgniter\Debug\Exceptions->errorHandler(2, 'Undefined array key 5', 'C:\\New Xampp\\htdocs\\ci_crud\\app\\Views\\categories.php', 59)
 2 SYSTEMPATH\View\View.php(213): include('C:\\New Xampp\\htdocs\\ci_crud\\app\\Views\\categories.php')
 3 SYSTEMPATH\View\View.php(216): CodeIgniter\View\View->CodeIgniter\View\{closure}()
 4 SYSTEMPATH\Common.php(1184): CodeIgniter\View\View->render('categories', [], true)
 5 APPPATH\Controllers\CatController.php(19): view('categories', [...])
 6 SYSTEMPATH\CodeIgniter.php(934): App\Controllers\CatController->index()
 7 SYSTEMPATH\CodeIgniter.php(499): CodeIgniter\CodeIgniter->runController(Object(App\Controllers\CatController))
 8 SYSTEMPATH\CodeIgniter.php(368): CodeIgniter\CodeIgniter->handleRequest(null, Object(Config\Cache), false)
 9 FCPATH\index.php(67): CodeIgniter\CodeIgniter->run()
CRITICAL - 2023-05-06 13:41:46 --> Undefined array key 5
in APPPATH\Views\categories.php on line 59.
 1 APPPATH\Views\categories.php(59): CodeIgniter\Debug\Exceptions->errorHandler(2, 'Undefined array key 5', 'C:\\New Xampp\\htdocs\\ci_crud\\app\\Views\\categories.php', 59)
 2 SYSTEMPATH\View\View.php(213): include('C:\\New Xampp\\htdocs\\ci_crud\\app\\Views\\categories.php')
 3 SYSTEMPATH\View\View.php(216): CodeIgniter\View\View->CodeIgniter\View\{closure}()
 4 SYSTEMPATH\Common.php(1184): CodeIgniter\View\View->render('categories', [], true)
 5 APPPATH\Controllers\CatController.php(19): view('categories', [...])
 6 SYSTEMPATH\CodeIgniter.php(934): App\Controllers\CatController->index()
 7 SYSTEMPATH\CodeIgniter.php(499): CodeIgniter\CodeIgniter->runController(Object(App\Controllers\CatController))
 8 SYSTEMPATH\CodeIgniter.php(368): CodeIgniter\CodeIgniter->handleRequest(null, Object(Config\Cache), false)
 9 FCPATH\index.php(67): CodeIgniter\CodeIgniter->run()
CRITICAL - 2023-05-06 13:46:14 --> Undefined array key 5
in APPPATH\Views\categories.php on line 55.
 1 APPPATH\Views\categories.php(55): CodeIgniter\Debug\Exceptions->errorHandler(2, 'Undefined array key 5', 'C:\\New Xampp\\htdocs\\ci_crud\\app\\Views\\categories.php', 55)
 2 SYSTEMPATH\View\View.php(213): include('C:\\New Xampp\\htdocs\\ci_crud\\app\\Views\\categories.php')
 3 SYSTEMPATH\View\View.php(216): CodeIgniter\View\View->CodeIgniter\View\{closure}()
 4 SYSTEMPATH\Common.php(1184): CodeIgniter\View\View->render('categories', [], true)
 5 APPPATH\Controllers\CatController.php(19): view('categories', [...])
 6 SYSTEMPATH\CodeIgniter.php(934): App\Controllers\CatController->index()
 7 SYSTEMPATH\CodeIgniter.php(499): CodeIgniter\CodeIgniter->runController(Object(App\Controllers\CatController))
 8 SYSTEMPATH\CodeIgniter.php(368): CodeIgniter\CodeIgniter->handleRequest(null, Object(Config\Cache), false)
 9 FCPATH\index.php(67): CodeIgniter\CodeIgniter->run()
CRITICAL - 2023-05-06 13:54:57 --> Undefined array key 5
in APPPATH\Views\categories.php on line 55.
 1 APPPATH\Views\categories.php(55): CodeIgniter\Debug\Exceptions->errorHandler(2, 'Undefined array key 5', 'C:\\New Xampp\\htdocs\\ci_crud\\app\\Views\\categories.php', 55)
 2 SYSTEMPATH\View\View.php(213): include('C:\\New Xampp\\htdocs\\ci_crud\\app\\Views\\categories.php')
 3 SYSTEMPATH\View\View.php(216): CodeIgniter\View\View->CodeIgniter\View\{closure}()
 4 SYSTEMPATH\Common.php(1184): CodeIgniter\View\View->render('categories', [], true)
 5 APPPATH\Controllers\CatController.php(19): view('categories', [...])
 6 SYSTEMPATH\CodeIgniter.php(934): App\Controllers\CatController->index()
 7 SYSTEMPATH\CodeIgniter.php(499): CodeIgniter\CodeIgniter->runController(Object(App\Controllers\CatController))
 8 SYSTEMPATH\CodeIgniter.php(368): CodeIgniter\CodeIgniter->handleRequest(null, Object(Config\Cache), false)
 9 FCPATH\index.php(67): CodeIgniter\CodeIgniter->run()
CRITICAL - 2023-05-06 14:01:18 --> Undefined array key 5
in APPPATH\Views\categories.php on line 55.
 1 APPPATH\Views\categories.php(55): CodeIgniter\Debug\Exceptions->errorHandler(2, 'Undefined array key 5', 'C:\\New Xampp\\htdocs\\ci_crud\\app\\Views\\categories.php', 55)
 2 SYSTEMPATH\View\View.php(213): include('C:\\New Xampp\\htdocs\\ci_crud\\app\\Views\\categories.php')
 3 SYSTEMPATH\View\View.php(216): CodeIgniter\View\View->CodeIgniter\View\{closure}()
 4 SYSTEMPATH\Common.php(1184): CodeIgniter\View\View->render('categories', [], true)
 5 APPPATH\Controllers\CatController.php(19): view('categories', [...])
 6 SYSTEMPATH\CodeIgniter.php(934): App\Controllers\CatController->index()
 7 SYSTEMPATH\CodeIgniter.php(499): CodeIgniter\CodeIgniter->runController(Object(App\Controllers\CatController))
 8 SYSTEMPATH\CodeIgniter.php(368): CodeIgniter\CodeIgniter->handleRequest(null, Object(Config\Cache), false)
 9 FCPATH\index.php(67): CodeIgniter\CodeIgniter->run()
CRITICAL - 2023-05-06 14:02:33 --> Undefined array key 5
in APPPATH\Views\categories.php on line 55.
 1 APPPATH\Views\categories.php(55): CodeIgniter\Debug\Exceptions->errorHandler(2, 'Undefined array key 5', 'C:\\New Xampp\\htdocs\\ci_crud\\app\\Views\\categories.php', 55)
 2 SYSTEMPATH\View\View.php(213): include('C:\\New Xampp\\htdocs\\ci_crud\\app\\Views\\categories.php')
 3 SYSTEMPATH\View\View.php(216): CodeIgniter\View\View->CodeIgniter\View\{closure}()
 4 SYSTEMPATH\Common.php(1184): CodeIgniter\View\View->render('categories', [], true)
 5 APPPATH\Controllers\CatController.php(19): view('categories', [...])
 6 SYSTEMPATH\CodeIgniter.php(934): App\Controllers\CatController->index()
 7 SYSTEMPATH\CodeIgniter.php(499): CodeIgniter\CodeIgniter->runController(Object(App\Controllers\CatController))
 8 SYSTEMPATH\CodeIgniter.php(368): CodeIgniter\CodeIgniter->handleRequest(null, Object(Config\Cache), false)
 9 FCPATH\index.php(67): CodeIgniter\CodeIgniter->run()
CRITICAL - 2023-05-06 14:02:47 --> Undefined array key 5
in APPPATH\Views\categories.php on line 55.
 1 APPPATH\Views\categories.php(55): CodeIgniter\Debug\Exceptions->errorHandler(2, 'Undefined array key 5', 'C:\\New Xampp\\htdocs\\ci_crud\\app\\Views\\categories.php', 55)
 2 SYSTEMPATH\View\View.php(213): include('C:\\New Xampp\\htdocs\\ci_crud\\app\\Views\\categories.php')
 3 SYSTEMPATH\View\View.php(216): CodeIgniter\View\View->CodeIgniter\View\{closure}()
 4 SYSTEMPATH\Common.php(1184): CodeIgniter\View\View->render('categories', [], true)
 5 APPPATH\Controllers\CatController.php(19): view('categories', [...])
 6 SYSTEMPATH\CodeIgniter.php(934): App\Controllers\CatController->index()
 7 SYSTEMPATH\CodeIgniter.php(499): CodeIgniter\CodeIgniter->runController(Object(App\Controllers\CatController))
 8 SYSTEMPATH\CodeIgniter.php(368): CodeIgniter\CodeIgniter->handleRequest(null, Object(Config\Cache), false)
 9 FCPATH\index.php(67): CodeIgniter\CodeIgniter->run()
CRITICAL - 2023-05-06 14:05:34 --> Undefined array key 5
in APPPATH\Views\categories.php on line 55.
 1 APPPATH\Views\categories.php(55): CodeIgniter\Debug\Exceptions->errorHandler(2, 'Undefined array key 5', 'C:\\New Xampp\\htdocs\\ci_crud\\app\\Views\\categories.php', 55)
 2 SYSTEMPATH\View\View.php(213): include('C:\\New Xampp\\htdocs\\ci_crud\\app\\Views\\categories.php')
 3 SYSTEMPATH\View\View.php(216): CodeIgniter\View\View->CodeIgniter\View\{closure}()
 4 SYSTEMPATH\Common.php(1184): CodeIgniter\View\View->render('categories', [], true)
 5 APPPATH\Controllers\CatController.php(19): view('categories', [...])
 6 SYSTEMPATH\CodeIgniter.php(934): App\Controllers\CatController->index()
 7 SYSTEMPATH\CodeIgniter.php(499): CodeIgniter\CodeIgniter->runController(Object(App\Controllers\CatController))
 8 SYSTEMPATH\CodeIgniter.php(368): CodeIgniter\CodeIgniter->handleRequest(null, Object(Config\Cache), false)
 9 FCPATH\index.php(67): CodeIgniter\CodeIgniter->run()
